2025-01-29 18:50:19,572 - INFO - Processing data with:
2025-01-29 18:50:19,572 - INFO - - Start date: 2014-08-01 00:00:00
2025-01-29 18:50:19,572 - INFO - - Prediction horizon: 10 days
2025-01-29 18:50:19,572 - INFO - - Train end: 2017-12-29 00:00:00
2025-01-29 18:50:19,572 - INFO - - Val end: 2018-12-28 00:00:00
2025-01-29 18:50:19,572 - INFO - - Enabled features: 472
2025-01-29 18:50:19,572 - INFO - 
Loading raw data...
2025-01-29 18:50:38,661 - INFO - 
Cleaning data...
2025-01-29 18:50:38,662 - INFO - Initial data shape: (11512867, 13)
2025-01-29 18:50:39,383 - INFO - Shape after removing missing company names: (11512867, 13)
2025-01-29 18:50:42,728 - INFO - Shape after removing days with < 8 stocks: (11460947, 13)
2025-01-29 18:50:42,728 - INFO - 
Pivoting data...
2025-01-29 18:50:42,728 - INFO - Pivoting data to wide format...
2025-01-29 18:50:54,897 - INFO - Pivoted data shape: (24283, 476)
2025-01-29 18:50:58,972 - INFO - 
Selecting best exchange for each stock...
2025-01-29 18:50:58,972 - INFO - Handling multiple exchange listings...
2025-01-29 18:50:58,975 - INFO - Initial shape: (24283, 476)
2025-01-29 18:50:59,090 - INFO - Shape after selecting best exchange per stock: (19943, 476)
2025-01-29 18:50:59,091 - INFO - Checking for extreme price changes...
2025-01-29 18:50:59,130 - WARNING - Found 7 extreme price changes (>100% up or >50% down in a day)
2025-01-29 18:50:59,131 - WARNING - Example extreme changes:
2025-01-29 18:50:59,134 - WARNING - Network Capital Group Holding A/S: 2015-03-18 - Price change: -58.7% (1.79 -> 0.74)
2025-01-29 18:50:59,138 - WARNING - Network Capital Group Holding A/S: 2017-05-04 - Price change: -53.5% (0.13 -> 0.06)
2025-01-29 18:50:59,142 - WARNING - Nuevolution AB (publ): 2019-05-22 - Price change: 166.1% (12.10 -> 32.20)
2025-01-29 18:50:59,144 - WARNING - Conferize A/S: 2019-06-11 - Price change: -62.7% (4.45 -> 1.66)
2025-01-29 18:50:59,146 - WARNING - Conferize A/S: 2019-06-14 - Price change: 118.3% (1.26 -> 2.75)
2025-01-29 18:50:59,151 - INFO - 
Selecting features...
2025-01-29 18:50:59,152 - INFO - Selecting features...
2025-01-29 18:50:59,152 - INFO - Using 472 out of 472 enabled features
2025-01-29 18:50:59,172 - INFO - 
Calculating target...
2025-01-29 18:50:59,172 - INFO - Calculating 10-day forward returns...
2025-01-29 18:50:59,493 - INFO - Missing target values: 169 (0.8%)
2025-01-29 18:51:02,947 - INFO - 
Splitting data...
2025-01-29 18:51:02,947 - INFO - Splitting data...
2025-01-29 18:51:02,989 - INFO - Train: 10,639 rows (2014-08-01 00:00:00 to 2017-12-29 00:00:00)
2025-01-29 18:51:02,989 - INFO - Val: 4,142 rows (2018-01-02 00:00:00 to 2018-12-28 00:00:00)
2025-01-29 18:51:02,990 - INFO - Test: 4,803 rows (2019-01-02 00:00:00 to 2019-12-11 00:00:00)
2025-01-29 18:51:02,990 - INFO - Validating features for train dataset...
2025-01-29 18:51:02,991 - INFO - Validating features for val dataset...
2025-01-29 18:51:02,991 - INFO - Validating features for test dataset...
2025-01-29 18:51:02,992 - INFO - 
Saving datasets...
2025-01-29 18:51:04,857 - INFO - Saved train data with shape (10639, 479) to data\processed\train.csv
2025-01-29 18:51:05,587 - INFO - Saved val data with shape (4142, 479) to data\processed\val.csv
2025-01-29 18:51:06,402 - INFO - Saved test data with shape (4803, 479) to data\processed\test.csv
2025-01-29 18:51:06,406 - INFO - 
Running data analysis...
2025-01-29 18:51:06,406 - ERROR - Processing failed: string indices must be integers, not 'str'
Traceback (most recent call last):
  File "C:\Users\gregb\Downloads\Data\latest\pct_change\src\data_0_pipeline.py", line 104, in process_data
    analysis_pipeline = AnalysisPipeline()
                        ^^^^^^^^^^^^^^^^^^
  File "C:\Users\gregb\Downloads\Data\latest\pct_change\src\_run_analysis.py", line 46, in __init__
    self.results_analyzer = ResultsAnalyzer()
                            ^^^^^^^^^^^^^^^^^
  File "C:\Users\gregb\Downloads\Data\latest\pct_change\src\_results_analysis.py", line 51, in __init__
    'model': Path(OUTPUT_DIRS['plots']['model']),
                  ~~~~~~~~~~~~~~~~~~~~^^^^^^^^^
TypeError: string indices must be integers, not 'str'
2025-01-29 18:51:06,406 - ERROR - Pipeline failed
Traceback (most recent call last):
  File "C:\Users\gregb\Downloads\Data\latest\pct_change\src\data_0_pipeline.py", line 121, in <module>
    process_data()
  File "C:\Users\gregb\Downloads\Data\latest\pct_change\src\data_0_pipeline.py", line 104, in process_data
    analysis_pipeline = AnalysisPipeline()
                        ^^^^^^^^^^^^^^^^^^
  File "C:\Users\gregb\Downloads\Data\latest\pct_change\src\_run_analysis.py", line 46, in __init__
    self.results_analyzer = ResultsAnalyzer()
                            ^^^^^^^^^^^^^^^^^
  File "C:\Users\gregb\Downloads\Data\latest\pct_change\src\_results_analysis.py", line 51, in __init__
    'model': Path(OUTPUT_DIRS['plots']['model']),
                  ~~~~~~~~~~~~~~~~~~~~^^^^^^^^^
TypeError: string indices must be integers, not 'str'
