2025-01-29 20:20:29,254 - INFO - Processing data with:
2025-01-29 20:20:29,254 - INFO - - Start date: 2014-08-01 00:00:00
2025-01-29 20:20:29,254 - INFO - - Prediction horizon: 10 days
2025-01-29 20:20:29,254 - INFO - - Train end: 2017-12-29 00:00:00
2025-01-29 20:20:29,254 - INFO - - Val end: 2018-12-28 00:00:00
2025-01-29 20:20:29,254 - INFO - - Enabled features: 325
2025-01-29 20:20:29,254 - INFO - 
Loading raw data...
2025-01-29 20:20:49,137 - INFO - 
Cleaning data...
2025-01-29 20:20:49,137 - INFO - Initial data shape: (11512867, 13)
2025-01-29 20:20:49,833 - INFO - Shape after removing missing company names: (11512867, 13)
2025-01-29 20:20:53,657 - INFO - Shape after removing days with < 8 stocks: (11460947, 13)
2025-01-29 20:20:53,657 - INFO - 
Pivoting data...
2025-01-29 20:20:53,657 - INFO - Pivoting data to wide format...
2025-01-29 20:21:06,400 - INFO - Pivoted data shape: (24283, 476)
2025-01-29 20:21:10,695 - INFO - 
Selecting best exchange for each stock...
2025-01-29 20:21:10,695 - INFO - Handling multiple exchange listings...
2025-01-29 20:21:10,695 - INFO - Initial shape: (24283, 476)
2025-01-29 20:21:10,811 - INFO - Shape after selecting best exchange per stock: (19943, 476)
2025-01-29 20:21:10,813 - INFO - Checking for extreme price changes...
2025-01-29 20:21:10,850 - WARNING - Found 7 extreme price changes (>100% up or >50% down in a day)
2025-01-29 20:21:10,852 - WARNING - Example extreme changes:
2025-01-29 20:21:10,854 - WARNING - Network Capital Group Holding A/S: 2015-03-18 - Price change: -58.7% (1.79 -> 0.74)
2025-01-29 20:21:10,860 - WARNING - Network Capital Group Holding A/S: 2017-05-04 - Price change: -53.5% (0.13 -> 0.06)
2025-01-29 20:21:10,863 - WARNING - Nuevolution AB (publ): 2019-05-22 - Price change: 166.1% (12.10 -> 32.20)
2025-01-29 20:21:10,865 - WARNING - Conferize A/S: 2019-06-11 - Price change: -62.7% (4.45 -> 1.66)
2025-01-29 20:21:10,868 - WARNING - Conferize A/S: 2019-06-14 - Price change: 118.3% (1.26 -> 2.75)
2025-01-29 20:21:10,872 - INFO - 
Selecting features...
2025-01-29 20:21:10,872 - INFO - Selecting features...
2025-01-29 20:21:10,872 - INFO - Using 325 out of 325 enabled features
2025-01-29 20:21:10,886 - INFO - 
Calculating target...
2025-01-29 20:21:10,886 - INFO - Calculating 10-day forward returns...
2025-01-29 20:21:11,165 - INFO - Missing target values: 169 (0.8%)
2025-01-29 20:21:13,848 - INFO - 
Splitting data...
2025-01-29 20:21:13,848 - INFO - Splitting data...
2025-01-29 20:21:13,878 - INFO - Train: 10,639 rows (2014-08-01 00:00:00 to 2017-12-29 00:00:00)
2025-01-29 20:21:13,878 - INFO - Val: 4,142 rows (2018-01-02 00:00:00 to 2018-12-28 00:00:00)
2025-01-29 20:21:13,878 - INFO - Test: 4,803 rows (2019-01-02 00:00:00 to 2019-12-11 00:00:00)
2025-01-29 20:21:13,878 - INFO - Validating features for train dataset...
2025-01-29 20:21:13,878 - INFO - Validating features for val dataset...
2025-01-29 20:21:13,878 - INFO - Validating features for test dataset...
2025-01-29 20:21:13,878 - INFO - 
Saving datasets...
2025-01-29 20:21:15,273 - INFO - Saved train data with shape (10639, 332) to data\processed\train.csv
2025-01-29 20:21:15,815 - INFO - Saved val data with shape (4142, 332) to data\processed\val.csv
2025-01-29 20:21:16,423 - INFO - Saved test data with shape (4803, 332) to data\processed\test.csv
2025-01-29 20:21:16,424 - INFO - 
Running data analysis...
2025-01-29 20:21:16,424 - INFO - Running data analysis...
2025-01-29 20:21:16,424 - INFO - Plotting stock coverage...
2025-01-29 20:21:16,853 - INFO - Saved plot to results\plots\data\stock_coverage.png
2025-01-29 20:21:16,853 - INFO - Plotting feature coverage...
2025-01-29 20:21:17,170 - INFO - Saved plot to results\plots\data\feature_coverage.png
2025-01-29 20:21:17,170 - INFO - Plotting price trends...
2025-01-29 20:21:17,435 - INFO - Saved plot to results\plots\data\price_trends.png
2025-01-29 20:21:17,435 - INFO - Plotting feature coverage...
2025-01-29 20:21:17,751 - INFO - Saved plot to results\plots\data\feature_coverage.png
2025-01-29 20:21:17,751 - INFO - Plotting split coverage...
2025-01-29 20:21:18,048 - INFO - Saved plot to results\plots\data\split_coverage.png
2025-01-29 20:21:18,048 - INFO - Plotting target distribution...
2025-01-29 20:21:18,405 - INFO - Saved plot to results\plots\data\target_distribution.png
2025-01-29 20:21:18,406 - INFO - Data analysis complete
2025-01-29 20:21:18,406 - INFO - 
Processing complete!
