2025-01-29 20:16:52,310 - INFO - Processing data with:
2025-01-29 20:16:52,310 - INFO - - Start date: 2014-08-01 00:00:00
2025-01-29 20:16:52,310 - INFO - - Prediction horizon: 10 days
2025-01-29 20:16:52,310 - INFO - - Train end: 2017-12-29 00:00:00
2025-01-29 20:16:52,310 - INFO - - Val end: 2018-12-28 00:00:00
2025-01-29 20:16:52,313 - INFO - - Enabled features: 325
2025-01-29 20:16:52,313 - INFO - 
Loading raw data...
2025-01-29 20:17:10,056 - INFO - 
Cleaning data...
2025-01-29 20:17:10,056 - INFO - Initial data shape: (11512867, 13)
2025-01-29 20:17:10,678 - INFO - Shape after removing missing company names: (11512867, 13)
2025-01-29 20:17:13,766 - INFO - Shape after removing days with < 8 stocks: (11460947, 13)
2025-01-29 20:17:13,768 - INFO - 
Pivoting data...
2025-01-29 20:17:13,769 - INFO - Pivoting data to wide format...
2025-01-29 20:17:25,479 - INFO - Pivoted data shape: (24283, 476)
2025-01-29 20:17:29,615 - INFO - 
Selecting best exchange for each stock...
2025-01-29 20:17:29,615 - INFO - Handling multiple exchange listings...
2025-01-29 20:17:29,615 - INFO - Initial shape: (24283, 476)
2025-01-29 20:17:29,725 - INFO - Shape after selecting best exchange per stock: (19943, 476)
2025-01-29 20:17:29,725 - INFO - Checking for extreme price changes...
2025-01-29 20:17:29,765 - WARNING - Found 7 extreme price changes (>100% up or >50% down in a day)
2025-01-29 20:17:29,765 - WARNING - Example extreme changes:
2025-01-29 20:17:29,776 - WARNING - Network Capital Group Holding A/S: 2015-03-18 - Price change: -58.7% (1.79 -> 0.74)
2025-01-29 20:17:29,778 - WARNING - Network Capital Group Holding A/S: 2017-05-04 - Price change: -53.5% (0.13 -> 0.06)
2025-01-29 20:17:29,781 - WARNING - Nuevolution AB (publ): 2019-05-22 - Price change: 166.1% (12.10 -> 32.20)
2025-01-29 20:17:29,783 - WARNING - Conferize A/S: 2019-06-11 - Price change: -62.7% (4.45 -> 1.66)
2025-01-29 20:17:29,785 - WARNING - Conferize A/S: 2019-06-14 - Price change: 118.3% (1.26 -> 2.75)
2025-01-29 20:17:29,789 - INFO - 
Selecting features...
2025-01-29 20:17:29,789 - INFO - Selecting features...
2025-01-29 20:17:29,789 - INFO - Using 325 out of 325 enabled features
2025-01-29 20:17:29,803 - INFO - 
Calculating target...
2025-01-29 20:17:29,803 - INFO - Calculating 10-day forward returns...
2025-01-29 20:17:30,075 - INFO - Missing target values: 169 (0.8%)
2025-01-29 20:17:32,403 - INFO - 
Splitting data...
2025-01-29 20:17:32,403 - INFO - Splitting data...
2025-01-29 20:17:32,422 - INFO - Train: 10,639 rows (2014-08-01 00:00:00 to 2017-12-29 00:00:00)
2025-01-29 20:17:32,424 - INFO - Val: 4,142 rows (2018-01-02 00:00:00 to 2018-12-28 00:00:00)
2025-01-29 20:17:32,424 - INFO - Test: 4,803 rows (2019-01-02 00:00:00 to 2019-12-11 00:00:00)
2025-01-29 20:17:32,424 - INFO - Validating features for train dataset...
2025-01-29 20:17:32,425 - INFO - Validating features for val dataset...
2025-01-29 20:17:32,425 - INFO - Validating features for test dataset...
2025-01-29 20:17:32,426 - INFO - 
Saving datasets...
2025-01-29 20:17:33,711 - INFO - Saved train data with shape (10639, 332) to data\processed\train.csv
2025-01-29 20:17:34,214 - INFO - Saved val data with shape (4142, 332) to data\processed\val.csv
2025-01-29 20:17:34,775 - INFO - Saved test data with shape (4803, 332) to data\processed\test.csv
2025-01-29 20:17:34,775 - INFO - 
Running data analysis...
2025-01-29 20:17:34,775 - ERROR - Processing failed: name 'OUTPUT_DIRS' is not defined
Traceback (most recent call last):
  File "C:\Users\gregb\Downloads\Data\latest\pct_change\src\data_0_pipeline.py", line 104, in process_data
    analysis_pipeline = AnalysisPipeline()
                        ^^^^^^^^^^^^^^^^^^
  File "C:\Users\gregb\Downloads\Data\latest\pct_change\src\_run_analysis.py", line 48, in __init__
    self.data_analyzer = DataAnalyzer()
                         ^^^^^^^^^^^^^^
  File "C:\Users\gregb\Downloads\Data\latest\pct_change\src\_data_analysis.py", line 31, in __init__
    self.json_dir = Path(OUTPUT_DIRS['jsons']['data'])
                         ^^^^^^^^^^^
NameError: name 'OUTPUT_DIRS' is not defined
2025-01-29 20:17:34,795 - ERROR - Pipeline failed
Traceback (most recent call last):
  File "C:\Users\gregb\Downloads\Data\latest\pct_change\src\data_0_pipeline.py", line 121, in <module>
    process_data()
  File "C:\Users\gregb\Downloads\Data\latest\pct_change\src\data_0_pipeline.py", line 104, in process_data
    analysis_pipeline = AnalysisPipeline()
                        ^^^^^^^^^^^^^^^^^^
  File "C:\Users\gregb\Downloads\Data\latest\pct_change\src\_run_analysis.py", line 48, in __init__
    self.data_analyzer = DataAnalyzer()
                         ^^^^^^^^^^^^^^
  File "C:\Users\gregb\Downloads\Data\latest\pct_change\src\_data_analysis.py", line 31, in __init__
    self.json_dir = Path(OUTPUT_DIRS['jsons']['data'])
                         ^^^^^^^^^^^
NameError: name 'OUTPUT_DIRS' is not defined
