2025-01-29 01:55:55,634 - INFO - Processing data with:
2025-01-29 01:55:55,634 - INFO - - Start date: 2014-08-01 00:00:00
2025-01-29 01:55:55,634 - INFO - - Prediction horizon: 10 days
2025-01-29 01:55:55,634 - INFO - - Train end: 2017-12-29 00:00:00
2025-01-29 01:55:55,634 - INFO - - Val end: 2018-12-28 00:00:00
2025-01-29 01:55:55,634 - INFO - - Enabled features: 472
2025-01-29 01:55:55,634 - INFO - 
Loading raw data...
2025-01-29 01:56:16,051 - INFO - 
Cleaning data...
2025-01-29 01:56:16,052 - INFO - Initial data shape: (11512867, 13)
2025-01-29 01:56:16,764 - INFO - Shape after removing missing company names: (11512867, 13)
2025-01-29 01:56:20,243 - INFO - Shape after removing days with < 8 stocks: (11460947, 13)
2025-01-29 01:56:20,244 - INFO - \Pivoting data...
2025-01-29 01:56:20,245 - INFO - Pivoting data to wide format...
2025-01-29 01:56:25,390 - WARNING - Found 3952614 duplicate entries in pivot columns
2025-01-29 01:56:27,609 - WARNING - Sample duplicates:
          GVKEY  IID  COMPANYID  ...                         FACTORNAME  FACTORVALUE   ASOFDATE
1793161  247558  01W    7687618  ...             1 Yr Chg in Admissions          NaN 2014-08-01
4403790  247558  02W    7687618  ...             1 Yr Chg in Admissions          NaN 2014-08-01
1793199  247558  01W    7687618  ...   1 Yr Chg in Number of Properties          NaN 2014-08-01
4403828  247558  02W    7687618  ...   1 Yr Chg in Number of Properties          NaN 2014-08-01
1793205  247558  01W    7687618  ...  1 Yr Chg in Number of Restuarants          NaN 2014-08-01
4403834  247558  02W    7687618  ...  1 Yr Chg in Number of Restuarants          NaN 2014-08-01
1793200  247558  01W    7687618  ...        1 Yr Chg in Number of Rooms          NaN 2014-08-01
4403829  247558  02W    7687618  ...        1 Yr Chg in Number of Rooms          NaN 2014-08-01
1793201  247558  01W    7687618  ...       1 Yr Chg in Revenue per Room          NaN 2014-08-01
4403830  247558  02W    7687618  ...       1 Yr Chg in Revenue per Room          NaN 2014-08-01

[10 rows x 13 columns]
2025-01-29 01:56:28,057 - WARNING - 991 duplicate entries with different FACTORVALUE values found
2025-01-29 01:56:37,739 - INFO - Pivoted data shape: (19943, 476)
2025-01-29 01:56:41,459 - INFO - 
Selecting features...
2025-01-29 01:56:41,459 - INFO - Selecting features...
2025-01-29 01:56:41,459 - INFO - Using 472 out of 472 enabled features
2025-01-29 01:56:41,482 - INFO - 
Calculating target...
2025-01-29 01:56:41,482 - INFO - Calculating 10-day forward returns...
2025-01-29 01:56:41,851 - INFO - Missing target values: 169 (0.8%)
2025-01-29 01:56:46,076 - INFO - 
Splitting data...
2025-01-29 01:56:46,076 - INFO - Splitting data...
2025-01-29 01:56:46,109 - INFO - Train: 10,639 rows (2014-08-01 00:00:00 to 2017-12-29 00:00:00)
2025-01-29 01:56:46,109 - INFO - Val: 4,142 rows (2018-01-02 00:00:00 to 2018-12-28 00:00:00)
2025-01-29 01:56:46,113 - INFO - Test: 4,803 rows (2019-01-02 00:00:00 to 2019-12-11 00:00:00)
2025-01-29 01:56:46,113 - INFO - 
Saving datasets...
2025-01-29 01:56:48,079 - INFO - Saved train data with shape (10639, 479) to data\processed\train.csv
2025-01-29 01:56:48,948 - INFO - Saved val data with shape (4142, 479) to data\processed\val.csv
2025-01-29 01:56:49,897 - INFO - Saved test data with shape (4803, 479) to data\processed\test.csv
2025-01-29 01:56:49,899 - INFO - 
Analyzing results...
2025-01-29 01:56:49,899 - INFO - 
Train Dataset:
2025-01-29 01:56:49,899 - INFO - Rows: 10,639
2025-01-29 01:56:49,901 - INFO - Companies: 20
2025-01-29 01:56:49,903 - INFO - Date range: 2014-08-01 to 2017-12-29
2025-01-29 01:56:49,903 - INFO - Features: 475
2025-01-29 01:56:49,931 - INFO - Mean feature coverage: 64.7%
2025-01-29 01:56:49,933 - INFO - Target mean: 2313.55%
2025-01-29 01:56:49,933 - INFO - Target std: 9710.18%
2025-01-29 01:56:49,933 - INFO - 
Val Dataset:
2025-01-29 01:56:49,933 - INFO - Rows: 4,142
2025-01-29 01:56:49,933 - INFO - Companies: 22
2025-01-29 01:56:49,935 - INFO - Date range: 2018-01-02 to 2018-12-28
2025-01-29 01:56:49,935 - INFO - Features: 475
2025-01-29 01:56:49,939 - INFO - Mean feature coverage: 62.8%
2025-01-29 01:56:49,939 - INFO - Target mean: 1695.08%
2025-01-29 01:56:49,949 - INFO - Target std: 8759.79%
2025-01-29 01:56:49,949 - INFO - 
Test Dataset:
2025-01-29 01:56:49,949 - INFO - Rows: 4,803
2025-01-29 01:56:49,949 - INFO - Companies: 24
2025-01-29 01:56:49,950 - INFO - Date range: 2019-01-02 to 2019-12-11
2025-01-29 01:56:49,950 - INFO - Features: 475
2025-01-29 01:56:49,964 - INFO - Mean feature coverage: 57.3%
2025-01-29 01:56:49,969 - INFO - Target mean: 1361.57%
2025-01-29 01:56:49,969 - INFO - Target std: 8139.57%
2025-01-29 01:56:50,674 - INFO - 
Analysis complete. Plots saved to results/analysis/
2025-01-29 01:56:50,674 - INFO - 
Processing complete!
