2025-01-29 20:02:55,832 - INFO - Processing data with:
2025-01-29 20:02:55,834 - INFO - - Start date: 2014-08-01 00:00:00
2025-01-29 20:02:55,835 - INFO - - Prediction horizon: 10 days
2025-01-29 20:02:55,835 - INFO - - Train end: 2017-12-29 00:00:00
2025-01-29 20:02:55,835 - INFO - - Val end: 2018-12-28 00:00:00
2025-01-29 20:02:55,835 - INFO - - Enabled features: 472
2025-01-29 20:02:55,836 - INFO - 
Loading raw data...
2025-01-29 20:03:14,174 - INFO - 
Cleaning data...
2025-01-29 20:03:14,174 - INFO - Initial data shape: (11512867, 13)
2025-01-29 20:03:14,759 - INFO - Shape after removing missing company names: (11512867, 13)
2025-01-29 20:03:17,782 - INFO - Shape after removing days with < 8 stocks: (11460947, 13)
2025-01-29 20:03:17,782 - INFO - 
Pivoting data...
2025-01-29 20:03:17,782 - INFO - Pivoting data to wide format...
2025-01-29 20:03:29,562 - INFO - Pivoted data shape: (24283, 476)
2025-01-29 20:03:33,544 - INFO - 
Selecting best exchange for each stock...
2025-01-29 20:03:33,544 - INFO - Handling multiple exchange listings...
2025-01-29 20:03:33,544 - INFO - Initial shape: (24283, 476)
2025-01-29 20:03:33,657 - INFO - Shape after selecting best exchange per stock: (19943, 476)
2025-01-29 20:03:33,657 - INFO - Checking for extreme price changes...
2025-01-29 20:03:33,699 - WARNING - Found 7 extreme price changes (>100% up or >50% down in a day)
2025-01-29 20:03:33,700 - WARNING - Example extreme changes:
2025-01-29 20:03:33,706 - WARNING - Network Capital Group Holding A/S: 2015-03-18 - Price change: -58.7% (1.79 -> 0.74)
2025-01-29 20:03:33,708 - WARNING - Network Capital Group Holding A/S: 2017-05-04 - Price change: -53.5% (0.13 -> 0.06)
2025-01-29 20:03:33,711 - WARNING - Nuevolution AB (publ): 2019-05-22 - Price change: 166.1% (12.10 -> 32.20)
2025-01-29 20:03:33,716 - WARNING - Conferize A/S: 2019-06-11 - Price change: -62.7% (4.45 -> 1.66)
2025-01-29 20:03:33,719 - WARNING - Conferize A/S: 2019-06-14 - Price change: 118.3% (1.26 -> 2.75)
2025-01-29 20:03:33,726 - INFO - 
Selecting features...
2025-01-29 20:03:33,727 - INFO - Selecting features...
2025-01-29 20:03:33,729 - INFO - Using 472 out of 472 enabled features
2025-01-29 20:03:33,752 - INFO - 
Calculating target...
2025-01-29 20:03:33,752 - INFO - Calculating 10-day forward returns...
2025-01-29 20:03:34,075 - INFO - Missing target values: 169 (0.8%)
2025-01-29 20:03:37,644 - INFO - 
Splitting data...
2025-01-29 20:03:37,644 - INFO - Splitting data...
2025-01-29 20:03:37,675 - INFO - Train: 10,639 rows (2014-08-01 00:00:00 to 2017-12-29 00:00:00)
2025-01-29 20:03:37,675 - INFO - Val: 4,142 rows (2018-01-02 00:00:00 to 2018-12-28 00:00:00)
2025-01-29 20:03:37,679 - INFO - Test: 4,803 rows (2019-01-02 00:00:00 to 2019-12-11 00:00:00)
2025-01-29 20:03:37,679 - INFO - Validating features for train dataset...
2025-01-29 20:03:37,679 - INFO - Validating features for val dataset...
2025-01-29 20:03:37,680 - INFO - Validating features for test dataset...
2025-01-29 20:03:37,680 - INFO - 
Saving datasets...
2025-01-29 20:03:39,514 - INFO - Saved train data with shape (10639, 479) to data\processed\train.csv
2025-01-29 20:03:40,219 - INFO - Saved val data with shape (4142, 479) to data\processed\val.csv
2025-01-29 20:03:41,012 - INFO - Saved test data with shape (4803, 479) to data\processed\test.csv
2025-01-29 20:03:41,013 - INFO - 
Running data analysis...
2025-01-29 20:03:41,014 - INFO - Created plots directory at results\plots\data
2025-01-29 20:03:41,014 - INFO - Created JSON directory at results\jsons\data
2025-01-29 20:03:41,014 - INFO - Running data analysis...
2025-01-29 20:03:41,014 - INFO - Plotting stock coverage...
2025-01-29 20:03:41,432 - INFO - Saved plot to results\plots\data\stock_coverage.png
2025-01-29 20:03:41,434 - INFO - Plotting feature coverage...
2025-01-29 20:03:41,752 - INFO - Saved plot to results\plots\data\feature_coverage.png
2025-01-29 20:03:41,753 - INFO - Plotting price trends...
2025-01-29 20:03:41,997 - INFO - Saved plot to results\plots\data\price_trends.png
2025-01-29 20:03:41,998 - INFO - Plotting feature coverage...
2025-01-29 20:03:42,322 - INFO - Saved plot to results\plots\data\feature_coverage.png
2025-01-29 20:03:42,324 - INFO - Plotting split coverage...
2025-01-29 20:03:42,604 - INFO - Saved plot to results\plots\data\split_coverage.png
2025-01-29 20:03:42,604 - INFO - Plotting target distribution...
2025-01-29 20:03:42,964 - INFO - Saved plot to results\plots\data\target_distribution.png
2025-01-29 20:03:42,964 - INFO - Data analysis complete
2025-01-29 20:03:42,964 - INFO - 
Processing complete!
