2025-01-29 16:38:20,837 - INFO - Processing data with:
2025-01-29 16:38:20,839 - INFO - - Start date: 2014-08-01 00:00:00
2025-01-29 16:38:20,839 - INFO - - Prediction horizon: 10 days
2025-01-29 16:38:20,839 - INFO - - Train end: 2017-12-29 00:00:00
2025-01-29 16:38:20,839 - INFO - - Val end: 2018-12-28 00:00:00
2025-01-29 16:38:20,839 - INFO - - Enabled features: 472
2025-01-29 16:38:20,839 - INFO - 
Loading raw data...
2025-01-29 16:38:46,742 - INFO - 
Cleaning data...
2025-01-29 16:38:46,742 - INFO - Initial data shape: (11512867, 13)
2025-01-29 16:38:47,759 - INFO - Shape after removing missing company names: (11512867, 13)
2025-01-29 16:38:52,252 - INFO - Shape after removing days with < 8 stocks: (11460947, 13)
2025-01-29 16:38:52,252 - INFO - 
Pivoting data...
2025-01-29 16:38:52,252 - INFO - Pivoting data to wide format...
2025-01-29 16:39:11,474 - INFO - Pivoted data shape: (24283, 476)
2025-01-29 16:39:22,681 - INFO - 
Selecting best exchange for each stock...
2025-01-29 16:39:22,681 - INFO - Handling multiple exchange listings...
2025-01-29 16:39:22,681 - INFO - Initial shape: (24283, 476)
2025-01-29 16:39:23,070 - INFO - Shape after selecting best exchange per stock: (19943, 476)
2025-01-29 16:39:23,070 - INFO - Checking for extreme price changes...
2025-01-29 16:39:23,236 - WARNING - Found 7 extreme price changes (>100% up or >50% down in a day)
2025-01-29 16:39:23,236 - WARNING - Example extreme changes:
2025-01-29 16:39:23,259 - WARNING - Network Capital Group Holding A/S: 2015-03-18 - Price change: -58.7% (1.79 -> 0.74)
2025-01-29 16:39:23,268 - WARNING - Network Capital Group Holding A/S: 2017-05-04 - Price change: -53.5% (0.13 -> 0.06)
2025-01-29 16:39:23,284 - WARNING - Nuevolution AB (publ): 2019-05-22 - Price change: 166.1% (12.10 -> 32.20)
2025-01-29 16:39:23,284 - WARNING - Conferize A/S: 2019-06-11 - Price change: -62.7% (4.45 -> 1.66)
2025-01-29 16:39:23,300 - WARNING - Conferize A/S: 2019-06-14 - Price change: 118.3% (1.26 -> 2.75)
2025-01-29 16:39:23,320 - INFO - 
Selecting features...
2025-01-29 16:39:23,320 - INFO - Selecting features...
2025-01-29 16:39:23,322 - INFO - Using 472 out of 472 enabled features
2025-01-29 16:39:23,383 - INFO - 
Calculating target...
2025-01-29 16:39:23,383 - INFO - Calculating 10-day forward returns...
2025-01-29 16:39:24,836 - INFO - Missing target values: 169 (0.8%)
2025-01-29 16:39:40,506 - INFO - 
Splitting data...
2025-01-29 16:39:40,508 - INFO - Splitting data...
2025-01-29 16:39:40,613 - INFO - Train: 10,639 rows (2014-08-01 00:00:00 to 2017-12-29 00:00:00)
2025-01-29 16:39:40,615 - INFO - Val: 4,142 rows (2018-01-02 00:00:00 to 2018-12-28 00:00:00)
2025-01-29 16:39:40,615 - INFO - Test: 4,803 rows (2019-01-02 00:00:00 to 2019-12-11 00:00:00)
2025-01-29 16:39:40,619 - INFO - Validating features for train dataset...
2025-01-29 16:39:40,619 - INFO - Validating features for val dataset...
2025-01-29 16:39:40,619 - INFO - Validating features for test dataset...
2025-01-29 16:39:40,619 - INFO - 
Saving datasets...
2025-01-29 16:39:43,547 - INFO - Saved train data with shape (10639, 479) to data\processed\train.csv
2025-01-29 16:39:44,493 - INFO - Saved val data with shape (4142, 479) to data\processed\val.csv
2025-01-29 16:39:45,729 - INFO - Saved test data with shape (4803, 479) to data\processed\test.csv
2025-01-29 16:39:45,729 - INFO - 
Running data analysis...
2025-01-29 16:39:45,729 - INFO - Running data quality analysis...
2025-01-29 16:39:45,729 - INFO - Analyzing train split...
2025-01-29 16:39:45,729 - ERROR - Processing failed: DataAnalyzer.analyze_data_coverage() got an unexpected keyword argument 'ticker_col'
Traceback (most recent call last):
  File "C:\Users\gregb\Downloads\Data\latest\pct_change\src\data_0_pipeline.py", line 110, in process_data
    analysis_pipeline.analyze_data_quality(datasets)
  File "C:\Users\gregb\Downloads\Data\latest\pct_change\src\analysis\_run_analysis.py", line 77, in analyze_data_quality
    coverage = self.data_analyzer.analyze_data_coverage(df, ticker_col='COMPANYNAME')
               ^^^^^^^^^^^^^^^^^^^^^^^^^^^^^^^^^^^^^^^^^^^^^^^^^^^^^^^^^^^^^^^^^^^^^^
TypeError: DataAnalyzer.analyze_data_coverage() got an unexpected keyword argument 'ticker_col'
2025-01-29 16:39:45,747 - ERROR - Pipeline failed
Traceback (most recent call last):
  File "C:\Users\gregb\Downloads\Data\latest\pct_change\src\data_0_pipeline.py", line 121, in <module>
    process_data()
  File "C:\Users\gregb\Downloads\Data\latest\pct_change\src\data_0_pipeline.py", line 110, in process_data
    analysis_pipeline.analyze_data_quality(datasets)
  File "C:\Users\gregb\Downloads\Data\latest\pct_change\src\analysis\_run_analysis.py", line 77, in analyze_data_quality
    coverage = self.data_analyzer.analyze_data_coverage(df, ticker_col='COMPANYNAME')
               ^^^^^^^^^^^^^^^^^^^^^^^^^^^^^^^^^^^^^^^^^^^^^^^^^^^^^^^^^^^^^^^^^^^^^^
TypeError: DataAnalyzer.analyze_data_coverage() got an unexpected keyword argument 'ticker_col'
