2025-01-29 20:09:18,378 - INFO - Processing data with:
2025-01-29 20:09:18,379 - INFO - - Start date: 2014-08-01 00:00:00
2025-01-29 20:09:18,379 - INFO - - Prediction horizon: 10 days
2025-01-29 20:09:18,379 - INFO - - Train end: 2017-12-29 00:00:00
2025-01-29 20:09:18,379 - INFO - - Val end: 2018-12-28 00:00:00
2025-01-29 20:09:18,380 - INFO - - Enabled features: 472
2025-01-29 20:09:18,380 - INFO - 
Loading raw data...
2025-01-29 20:09:36,052 - INFO - 
Cleaning data...
2025-01-29 20:09:36,054 - INFO - Initial data shape: (11512867, 13)
2025-01-29 20:09:36,644 - INFO - Shape after removing missing company names: (11512867, 13)
2025-01-29 20:09:39,700 - INFO - Shape after removing days with < 8 stocks: (11460947, 13)
2025-01-29 20:09:39,700 - INFO - 
Pivoting data...
2025-01-29 20:09:39,702 - INFO - Pivoting data to wide format...
2025-01-29 20:09:51,322 - INFO - Pivoted data shape: (24283, 476)
2025-01-29 20:09:55,079 - INFO - 
Selecting best exchange for each stock...
2025-01-29 20:09:55,079 - INFO - Handling multiple exchange listings...
2025-01-29 20:09:55,079 - INFO - Initial shape: (24283, 476)
2025-01-29 20:09:55,198 - INFO - Shape after selecting best exchange per stock: (19943, 476)
2025-01-29 20:09:55,199 - INFO - Checking for extreme price changes...
2025-01-29 20:09:55,236 - WARNING - Found 7 extreme price changes (>100% up or >50% down in a day)
2025-01-29 20:09:55,236 - WARNING - Example extreme changes:
2025-01-29 20:09:55,242 - WARNING - Network Capital Group Holding A/S: 2015-03-18 - Price change: -58.7% (1.79 -> 0.74)
2025-01-29 20:09:55,244 - WARNING - Network Capital Group Holding A/S: 2017-05-04 - Price change: -53.5% (0.13 -> 0.06)
2025-01-29 20:09:55,247 - WARNING - Nuevolution AB (publ): 2019-05-22 - Price change: 166.1% (12.10 -> 32.20)
2025-01-29 20:09:55,249 - WARNING - Conferize A/S: 2019-06-11 - Price change: -62.7% (4.45 -> 1.66)
2025-01-29 20:09:55,251 - WARNING - Conferize A/S: 2019-06-14 - Price change: 118.3% (1.26 -> 2.75)
2025-01-29 20:09:55,256 - INFO - 
Selecting features...
2025-01-29 20:09:55,256 - INFO - Selecting features...
2025-01-29 20:09:55,256 - INFO - Using 472 out of 472 enabled features
2025-01-29 20:09:55,273 - INFO - 
Calculating target...
2025-01-29 20:09:55,273 - INFO - Calculating 10-day forward returns...
2025-01-29 20:09:55,570 - INFO - Missing target values: 169 (0.8%)
2025-01-29 20:09:58,868 - INFO - 
Splitting data...
2025-01-29 20:09:58,868 - INFO - Splitting data...
2025-01-29 20:09:58,895 - INFO - Train: 10,639 rows (2014-08-01 00:00:00 to 2017-12-29 00:00:00)
2025-01-29 20:09:58,895 - INFO - Val: 4,142 rows (2018-01-02 00:00:00 to 2018-12-28 00:00:00)
2025-01-29 20:09:58,895 - INFO - Test: 4,803 rows (2019-01-02 00:00:00 to 2019-12-11 00:00:00)
2025-01-29 20:09:58,895 - INFO - Validating features for train dataset...
2025-01-29 20:09:58,895 - INFO - Validating features for val dataset...
2025-01-29 20:09:58,895 - INFO - Validating features for test dataset...
2025-01-29 20:09:58,895 - INFO - 
Saving datasets...
2025-01-29 20:10:00,594 - INFO - Saved train data with shape (10639, 479) to data\processed\train.csv
2025-01-29 20:10:01,277 - INFO - Saved val data with shape (4142, 479) to data\processed\val.csv
2025-01-29 20:10:02,070 - INFO - Saved test data with shape (4803, 479) to data\processed\test.csv
2025-01-29 20:10:02,071 - INFO - 
Running data analysis...
2025-01-29 20:10:02,082 - INFO - Created plots directory at results\plots\data
2025-01-29 20:10:02,084 - INFO - Created JSON directory at results\jsons\data
2025-01-29 20:10:02,087 - INFO - Running data analysis...
2025-01-29 20:10:02,087 - INFO - Plotting stock coverage...
2025-01-29 20:10:02,487 - INFO - Saved plot to results\plots\data\stock_coverage.png
2025-01-29 20:10:02,487 - INFO - Plotting feature coverage...
2025-01-29 20:10:02,805 - INFO - Saved plot to results\plots\data\feature_coverage.png
2025-01-29 20:10:02,806 - INFO - Plotting price trends...
2025-01-29 20:10:03,057 - INFO - Saved plot to results\plots\data\price_trends.png
2025-01-29 20:10:03,058 - INFO - Plotting feature coverage...
2025-01-29 20:10:03,350 - INFO - Saved plot to results\plots\data\feature_coverage.png
2025-01-29 20:10:03,352 - INFO - Plotting split coverage...
2025-01-29 20:10:03,618 - INFO - Saved plot to results\plots\data\split_coverage.png
2025-01-29 20:10:03,618 - INFO - Plotting target distribution...
2025-01-29 20:10:03,970 - INFO - Saved plot to results\plots\data\target_distribution.png
2025-01-29 20:10:03,971 - INFO - Data analysis complete
2025-01-29 20:10:03,971 - INFO - 
Processing complete!
