2025-01-29 20:18:00,448 - INFO - Processing data with:
2025-01-29 20:18:00,449 - INFO - - Start date: 2014-08-01 00:00:00
2025-01-29 20:18:00,449 - INFO - - Prediction horizon: 10 days
2025-01-29 20:18:00,449 - INFO - - Train end: 2017-12-29 00:00:00
2025-01-29 20:18:00,449 - INFO - - Val end: 2018-12-28 00:00:00
2025-01-29 20:18:00,449 - INFO - - Enabled features: 325
2025-01-29 20:18:00,450 - INFO - 
Loading raw data...
2025-01-29 20:18:16,798 - INFO - 
Cleaning data...
2025-01-29 20:18:16,798 - INFO - Initial data shape: (11512867, 13)
2025-01-29 20:18:17,367 - INFO - Shape after removing missing company names: (11512867, 13)
2025-01-29 20:18:20,256 - INFO - Shape after removing days with < 8 stocks: (11460947, 13)
2025-01-29 20:18:20,256 - INFO - 
Pivoting data...
2025-01-29 20:18:20,256 - INFO - Pivoting data to wide format...
2025-01-29 20:18:31,423 - INFO - Pivoted data shape: (24283, 476)
2025-01-29 20:18:35,454 - INFO - 
Selecting best exchange for each stock...
2025-01-29 20:18:35,454 - INFO - Handling multiple exchange listings...
2025-01-29 20:18:35,454 - INFO - Initial shape: (24283, 476)
2025-01-29 20:18:35,571 - INFO - Shape after selecting best exchange per stock: (19943, 476)
2025-01-29 20:18:35,576 - INFO - Checking for extreme price changes...
2025-01-29 20:18:35,618 - WARNING - Found 7 extreme price changes (>100% up or >50% down in a day)
2025-01-29 20:18:35,618 - WARNING - Example extreme changes:
2025-01-29 20:18:35,624 - WARNING - Network Capital Group Holding A/S: 2015-03-18 - Price change: -58.7% (1.79 -> 0.74)
2025-01-29 20:18:35,627 - WARNING - Network Capital Group Holding A/S: 2017-05-04 - Price change: -53.5% (0.13 -> 0.06)
2025-01-29 20:18:35,630 - WARNING - Nuevolution AB (publ): 2019-05-22 - Price change: 166.1% (12.10 -> 32.20)
2025-01-29 20:18:35,633 - WARNING - Conferize A/S: 2019-06-11 - Price change: -62.7% (4.45 -> 1.66)
2025-01-29 20:18:35,636 - WARNING - Conferize A/S: 2019-06-14 - Price change: 118.3% (1.26 -> 2.75)
2025-01-29 20:18:35,640 - INFO - 
Selecting features...
2025-01-29 20:18:35,640 - INFO - Selecting features...
2025-01-29 20:18:35,640 - INFO - Using 325 out of 325 enabled features
2025-01-29 20:18:35,658 - INFO - 
Calculating target...
2025-01-29 20:18:35,658 - INFO - Calculating 10-day forward returns...
2025-01-29 20:18:35,955 - INFO - Missing target values: 169 (0.8%)
2025-01-29 20:18:38,310 - INFO - 
Splitting data...
2025-01-29 20:18:38,313 - INFO - Splitting data...
2025-01-29 20:18:38,336 - INFO - Train: 10,639 rows (2014-08-01 00:00:00 to 2017-12-29 00:00:00)
2025-01-29 20:18:38,337 - INFO - Val: 4,142 rows (2018-01-02 00:00:00 to 2018-12-28 00:00:00)
2025-01-29 20:18:38,338 - INFO - Test: 4,803 rows (2019-01-02 00:00:00 to 2019-12-11 00:00:00)
2025-01-29 20:18:38,338 - INFO - Validating features for train dataset...
2025-01-29 20:18:38,338 - INFO - Validating features for val dataset...
2025-01-29 20:18:38,339 - INFO - Validating features for test dataset...
2025-01-29 20:18:38,339 - INFO - 
Saving datasets...
2025-01-29 20:18:39,564 - INFO - Saved train data with shape (10639, 332) to data\processed\train.csv
2025-01-29 20:18:40,055 - INFO - Saved val data with shape (4142, 332) to data\processed\val.csv
2025-01-29 20:18:40,642 - INFO - Saved test data with shape (4803, 332) to data\processed\test.csv
2025-01-29 20:18:40,645 - INFO - 
Running data analysis...
2025-01-29 20:18:40,646 - ERROR - Processing failed: name 'OUTPUT_DIRS' is not defined
Traceback (most recent call last):
  File "C:\Users\gregb\Downloads\Data\latest\pct_change\src\data_0_pipeline.py", line 104, in process_data
    analysis_pipeline = AnalysisPipeline()
                        ^^^^^^^^^^^^^^^^^^
  File "C:\Users\gregb\Downloads\Data\latest\pct_change\src\_run_analysis.py", line 49, in __init__
    self.model_analyzer = ModelAnalyzer()
                          ^^^^^^^^^^^^^^^
  File "C:\Users\gregb\Downloads\Data\latest\pct_change\src\_model_analysis.py", line 23, in __init__
    self.analysis_dir = Path(OUTPUT_DIRS['jsons']['model'])
                             ^^^^^^^^^^^
NameError: name 'OUTPUT_DIRS' is not defined
2025-01-29 20:18:40,654 - ERROR - Pipeline failed
Traceback (most recent call last):
  File "C:\Users\gregb\Downloads\Data\latest\pct_change\src\data_0_pipeline.py", line 121, in <module>
    process_data()
  File "C:\Users\gregb\Downloads\Data\latest\pct_change\src\data_0_pipeline.py", line 104, in process_data
    analysis_pipeline = AnalysisPipeline()
                        ^^^^^^^^^^^^^^^^^^
  File "C:\Users\gregb\Downloads\Data\latest\pct_change\src\_run_analysis.py", line 49, in __init__
    self.model_analyzer = ModelAnalyzer()
                          ^^^^^^^^^^^^^^^
  File "C:\Users\gregb\Downloads\Data\latest\pct_change\src\_model_analysis.py", line 23, in __init__
    self.analysis_dir = Path(OUTPUT_DIRS['jsons']['model'])
                             ^^^^^^^^^^^
NameError: name 'OUTPUT_DIRS' is not defined
