2025-01-29 02:26:01,356 - INFO - Processing data with:
2025-01-29 02:26:01,356 - INFO - - Start date: 2014-08-01 00:00:00
2025-01-29 02:26:01,356 - INFO - - Prediction horizon: 10 days
2025-01-29 02:26:01,356 - INFO - - Train end: 2017-12-29 00:00:00
2025-01-29 02:26:01,360 - INFO - - Val end: 2018-12-28 00:00:00
2025-01-29 02:26:01,360 - INFO - - Enabled features: 472
2025-01-29 02:26:01,360 - INFO - 
Loading raw data...
2025-01-29 02:26:18,690 - INFO - 
Cleaning data...
2025-01-29 02:26:18,690 - INFO - Initial data shape: (11512867, 13)
2025-01-29 02:26:19,280 - INFO - Shape after removing missing company names: (11512867, 13)
2025-01-29 02:26:22,250 - INFO - Shape after removing days with < 8 stocks: (11460947, 13)
2025-01-29 02:26:22,252 - INFO - \Pivoting data...
2025-01-29 02:26:22,252 - INFO - Pivoting data to wide format...
2025-01-29 02:26:26,610 - WARNING - Found 3952614 duplicate entries in pivot columns
2025-01-29 02:26:28,405 - WARNING - Sample duplicates:
          GVKEY  IID  COMPANYID  ...                         FACTORNAME  FACTORVALUE   ASOFDATE
1793161  247558  01W    7687618  ...             1 Yr Chg in Admissions          NaN 2014-08-01
4403790  247558  02W    7687618  ...             1 Yr Chg in Admissions          NaN 2014-08-01
1793199  247558  01W    7687618  ...   1 Yr Chg in Number of Properties          NaN 2014-08-01
4403828  247558  02W    7687618  ...   1 Yr Chg in Number of Properties          NaN 2014-08-01
1793205  247558  01W    7687618  ...  1 Yr Chg in Number of Restuarants          NaN 2014-08-01
4403834  247558  02W    7687618  ...  1 Yr Chg in Number of Restuarants          NaN 2014-08-01
1793200  247558  01W    7687618  ...        1 Yr Chg in Number of Rooms          NaN 2014-08-01
4403829  247558  02W    7687618  ...        1 Yr Chg in Number of Rooms          NaN 2014-08-01
1793201  247558  01W    7687618  ...       1 Yr Chg in Revenue per Room          NaN 2014-08-01
4403830  247558  02W    7687618  ...       1 Yr Chg in Revenue per Room          NaN 2014-08-01

[10 rows x 13 columns]
2025-01-29 02:26:28,825 - WARNING - 991 duplicate entries with different FACTORVALUE values found
2025-01-29 02:26:36,672 - INFO - Pivoted data shape: (19943, 476)
2025-01-29 02:26:39,970 - INFO - 
Selecting best exchange for each stock...
2025-01-29 02:26:39,970 - INFO - Handling multiple exchange listings...
2025-01-29 02:26:39,970 - INFO - Initial shape: (19943, 476)
2025-01-29 02:26:39,970 - ERROR - Processing failed: 'EXCHANGETICKER'
Traceback (most recent call last):
  File "C:\Users\gregb\Downloads\Data\latest\pct_change\src\data_0_pipeline.py", line 67, in process_data
    pivoted_data = handle_multiple_exchanges(pivoted_data)
                   ^^^^^^^^^^^^^^^^^^^^^^^^^^^^^^^^^^^^^^^
  File "C:\Users\gregb\Downloads\Data\latest\pct_change\src\data_1_cleaning.py", line 189, in handle_multiple_exchanges
    exchange_coverage = df.groupby(['COMPANYNAME', 'EXCHANGETICKER']).agg({
                        ^^^^^^^^^^^^^^^^^^^^^^^^^^^^^^^^^^^^^^^^^^^^^
  File "C:\Users\gregb\AppData\Local\Programs\Python\Python312\Lib\site-packages\pandas\core\frame.py", line 8869, in groupby
    return DataFrameGroupBy(
           ^^^^^^^^^^^^^^^^^
  File "C:\Users\gregb\AppData\Local\Programs\Python\Python312\Lib\site-packages\pandas\core\groupby\groupby.py", line 1278, in __init__
    grouper, exclusions, obj = get_grouper(
                               ^^^^^^^^^^^^
  File "C:\Users\gregb\AppData\Local\Programs\Python\Python312\Lib\site-packages\pandas\core\groupby\grouper.py", line 1009, in get_grouper
    raise KeyError(gpr)
KeyError: 'EXCHANGETICKER'
2025-01-29 02:26:40,030 - ERROR - Pipeline failed
Traceback (most recent call last):
  File "C:\Users\gregb\Downloads\Data\latest\pct_change\src\data_0_pipeline.py", line 110, in <module>
    process_data()
  File "C:\Users\gregb\Downloads\Data\latest\pct_change\src\data_0_pipeline.py", line 67, in process_data
    pivoted_data = handle_multiple_exchanges(pivoted_data)
                   ^^^^^^^^^^^^^^^^^^^^^^^^^^^^^^^^^^^^^^^
  File "C:\Users\gregb\Downloads\Data\latest\pct_change\src\data_1_cleaning.py", line 189, in handle_multiple_exchanges
    exchange_coverage = df.groupby(['COMPANYNAME', 'EXCHANGETICKER']).agg({
                        ^^^^^^^^^^^^^^^^^^^^^^^^^^^^^^^^^^^^^^^^^^^^^
  File "C:\Users\gregb\AppData\Local\Programs\Python\Python312\Lib\site-packages\pandas\core\frame.py", line 8869, in groupby
    return DataFrameGroupBy(
           ^^^^^^^^^^^^^^^^^
  File "C:\Users\gregb\AppData\Local\Programs\Python\Python312\Lib\site-packages\pandas\core\groupby\groupby.py", line 1278, in __init__
    grouper, exclusions, obj = get_grouper(
                               ^^^^^^^^^^^^
  File "C:\Users\gregb\AppData\Local\Programs\Python\Python312\Lib\site-packages\pandas\core\groupby\grouper.py", line 1009, in get_grouper
    raise KeyError(gpr)
KeyError: 'EXCHANGETICKER'
