2025-01-29 03:17:26,550 - INFO - Processing data with:
2025-01-29 03:17:26,550 - INFO - - Start date: 2014-08-01 00:00:00
2025-01-29 03:17:26,552 - INFO - - Prediction horizon: 10 days
2025-01-29 03:17:26,552 - INFO - - Train end: 2017-12-29 00:00:00
2025-01-29 03:17:26,552 - INFO - - Val end: 2018-12-28 00:00:00
2025-01-29 03:17:26,552 - INFO - - Enabled features: 472
2025-01-29 03:17:26,552 - INFO - 
Loading raw data...
2025-01-29 03:17:44,305 - INFO - 
Cleaning data...
2025-01-29 03:17:44,305 - INFO - Initial data shape: (11512867, 13)
2025-01-29 03:17:44,990 - INFO - Shape after removing missing company names: (11512867, 13)
2025-01-29 03:17:48,252 - INFO - Shape after removing days with < 8 stocks: (11460947, 13)
2025-01-29 03:17:48,253 - INFO - 
Pivoting data...
2025-01-29 03:17:48,253 - INFO - Pivoting data to wide format...
2025-01-29 03:17:52,870 - WARNING - Found 3952614 duplicate entries in pivot columns
2025-01-29 03:17:54,778 - WARNING - Sample duplicates:
          GVKEY  IID  COMPANYID  ...                         FACTORNAME  FACTORVALUE   ASOFDATE
1793161  247558  01W    7687618  ...             1 Yr Chg in Admissions          NaN 2014-08-01
4403790  247558  02W    7687618  ...             1 Yr Chg in Admissions          NaN 2014-08-01
1793199  247558  01W    7687618  ...   1 Yr Chg in Number of Properties          NaN 2014-08-01
4403828  247558  02W    7687618  ...   1 Yr Chg in Number of Properties          NaN 2014-08-01
1793205  247558  01W    7687618  ...  1 Yr Chg in Number of Restuarants          NaN 2014-08-01
4403834  247558  02W    7687618  ...  1 Yr Chg in Number of Restuarants          NaN 2014-08-01
1793200  247558  01W    7687618  ...        1 Yr Chg in Number of Rooms          NaN 2014-08-01
4403829  247558  02W    7687618  ...        1 Yr Chg in Number of Rooms          NaN 2014-08-01
1793201  247558  01W    7687618  ...       1 Yr Chg in Revenue per Room          NaN 2014-08-01
4403830  247558  02W    7687618  ...       1 Yr Chg in Revenue per Room          NaN 2014-08-01

[10 rows x 13 columns]
2025-01-29 03:17:55,205 - WARNING - 991 duplicate entries with different FACTORVALUE values found
2025-01-29 03:18:04,360 - INFO - Pivoted data shape: (19943, 477)
2025-01-29 03:18:07,841 - INFO - 
Selecting best exchange for each stock...
2025-01-29 03:18:07,841 - INFO - Handling multiple exchange listings...
2025-01-29 03:18:07,841 - INFO - Initial shape: (19943, 477)
2025-01-29 03:18:07,940 - INFO - Shape after selecting best exchange per stock: (17822, 477)
2025-01-29 03:18:07,940 - INFO - Checking for extreme price changes...
2025-01-29 03:18:07,976 - WARNING - Found 7 extreme price changes (>100% up or >50% down in a day)
2025-01-29 03:18:07,976 - WARNING - Example extreme changes:
2025-01-29 03:18:07,982 - WARNING - Network Capital Group Holding A/S: 2015-03-18 - Price change: -58.7% (1.79 -> 0.74)
2025-01-29 03:18:07,986 - WARNING - Network Capital Group Holding A/S: 2017-05-04 - Price change: -53.5% (0.13 -> 0.06)
2025-01-29 03:18:07,989 - WARNING - Nuevolution AB (publ): 2019-05-22 - Price change: 166.1% (12.10 -> 32.20)
2025-01-29 03:18:07,992 - WARNING - Conferize A/S: 2019-06-11 - Price change: -62.7% (4.45 -> 1.66)
2025-01-29 03:18:07,994 - WARNING - Conferize A/S: 2019-06-14 - Price change: 118.3% (1.26 -> 2.75)
2025-01-29 03:18:07,996 - INFO - 
Selecting features...
2025-01-29 03:18:07,998 - INFO - Selecting features...
2025-01-29 03:18:07,999 - INFO - Using 472 out of 472 enabled features
2025-01-29 03:18:08,016 - INFO - 
Calculating target...
2025-01-29 03:18:08,016 - INFO - Calculating 10-day forward returns...
2025-01-29 03:18:08,310 - INFO - Missing target values: 219 (1.2%)
2025-01-29 03:18:11,470 - INFO - 
Splitting data...
2025-01-29 03:18:11,470 - INFO - Splitting data...
2025-01-29 03:18:11,500 - INFO - Train: 9,743 rows (2014-08-01 00:00:00 to 2017-12-29 00:00:00)
2025-01-29 03:18:11,500 - INFO - Val: 3,909 rows (2018-01-02 00:00:00 to 2018-12-28 00:00:00)
2025-01-29 03:18:11,500 - INFO - Test: 3,805 rows (2019-01-02 00:00:00 to 2019-12-11 00:00:00)
2025-01-29 03:18:11,506 - INFO - 
Saving datasets...
2025-01-29 03:18:13,134 - INFO - Saved train data with shape (9743, 480) to data\processed\train.csv
2025-01-29 03:18:13,792 - INFO - Saved val data with shape (3909, 480) to data\processed\val.csv
2025-01-29 03:18:14,402 - INFO - Saved test data with shape (3805, 480) to data\processed\test.csv
2025-01-29 03:18:14,402 - INFO - 
Analyzing results...
2025-01-29 03:18:14,404 - INFO - 
Train Dataset:
2025-01-29 03:18:14,404 - INFO - Rows: 9,743
2025-01-29 03:18:14,404 - INFO - Companies: 20
2025-01-29 03:18:14,404 - INFO - Date range: 2014-08-01 to 2017-12-29
2025-01-29 03:18:14,404 - INFO - Features: 476
2025-01-29 03:18:14,427 - INFO - Mean feature coverage: 64.2%
2025-01-29 03:18:14,427 - INFO - Target mean: 44.922149%
2025-01-29 03:18:14,427 - INFO - Target std: 665.755777%
2025-01-29 03:18:14,429 - INFO - 
Val Dataset:
2025-01-29 03:18:14,429 - INFO - Rows: 3,909
2025-01-29 03:18:14,429 - INFO - Companies: 22
2025-01-29 03:18:14,430 - INFO - Date range: 2018-01-02 to 2018-12-28
2025-01-29 03:18:14,430 - INFO - Features: 476
2025-01-29 03:18:14,434 - INFO - Mean feature coverage: 62.3%
2025-01-29 03:18:14,440 - INFO - Target mean: -16.170255%
2025-01-29 03:18:14,440 - INFO - Target std: 540.140167%
2025-01-29 03:18:14,441 - INFO - 
Test Dataset:
2025-01-29 03:18:14,441 - INFO - Rows: 3,805
2025-01-29 03:18:14,441 - INFO - Companies: 24
2025-01-29 03:18:14,442 - INFO - Date range: 2019-01-02 to 2019-12-11
2025-01-29 03:18:14,442 - INFO - Features: 476
2025-01-29 03:18:14,453 - INFO - Mean feature coverage: 55.1%
2025-01-29 03:18:14,453 - INFO - Target mean: 48.051958%
2025-01-29 03:18:14,454 - INFO - Target std: 838.185269%
2025-01-29 03:18:15,084 - INFO - 
Analysis complete. Plots saved to results/analysis/
2025-01-29 03:18:15,084 - INFO - 
Processing complete!
