2025-01-29 16:40:26,696 - INFO - Processing data with:
2025-01-29 16:40:26,698 - INFO - - Start date: 2014-08-01 00:00:00
2025-01-29 16:40:26,698 - INFO - - Prediction horizon: 10 days
2025-01-29 16:40:26,698 - INFO - - Train end: 2017-12-29 00:00:00
2025-01-29 16:40:26,698 - INFO - - Val end: 2018-12-28 00:00:00
2025-01-29 16:40:26,698 - INFO - - Enabled features: 472
2025-01-29 16:40:26,698 - INFO - 
Loading raw data...
2025-01-29 16:40:50,573 - INFO - 
Cleaning data...
2025-01-29 16:40:50,573 - INFO - Initial data shape: (11512867, 13)
2025-01-29 16:40:51,414 - INFO - Shape after removing missing company names: (11512867, 13)
2025-01-29 16:40:55,802 - INFO - Shape after removing days with < 8 stocks: (11460947, 13)
2025-01-29 16:40:55,802 - INFO - 
Pivoting data...
2025-01-29 16:40:55,802 - INFO - Pivoting data to wide format...
2025-01-29 16:41:13,428 - INFO - Pivoted data shape: (24283, 476)
2025-01-29 16:41:19,831 - INFO - 
Selecting best exchange for each stock...
2025-01-29 16:41:19,831 - INFO - Handling multiple exchange listings...
2025-01-29 16:41:19,838 - INFO - Initial shape: (24283, 476)
2025-01-29 16:41:20,008 - INFO - Shape after selecting best exchange per stock: (19943, 476)
2025-01-29 16:41:20,008 - INFO - Checking for extreme price changes...
2025-01-29 16:41:20,078 - WARNING - Found 7 extreme price changes (>100% up or >50% down in a day)
2025-01-29 16:41:20,082 - WARNING - Example extreme changes:
2025-01-29 16:41:20,092 - WARNING - Network Capital Group Holding A/S: 2015-03-18 - Price change: -58.7% (1.79 -> 0.74)
2025-01-29 16:41:20,094 - WARNING - Network Capital Group Holding A/S: 2017-05-04 - Price change: -53.5% (0.13 -> 0.06)
2025-01-29 16:41:20,100 - WARNING - Nuevolution AB (publ): 2019-05-22 - Price change: 166.1% (12.10 -> 32.20)
2025-01-29 16:41:20,103 - WARNING - Conferize A/S: 2019-06-11 - Price change: -62.7% (4.45 -> 1.66)
2025-01-29 16:41:20,103 - WARNING - Conferize A/S: 2019-06-14 - Price change: 118.3% (1.26 -> 2.75)
2025-01-29 16:41:20,108 - INFO - 
Selecting features...
2025-01-29 16:41:20,108 - INFO - Selecting features...
2025-01-29 16:41:20,108 - INFO - Using 472 out of 472 enabled features
2025-01-29 16:41:20,135 - INFO - 
Calculating target...
2025-01-29 16:41:20,135 - INFO - Calculating 10-day forward returns...
2025-01-29 16:41:20,546 - INFO - Missing target values: 169 (0.8%)
2025-01-29 16:41:25,364 - INFO - 
Splitting data...
2025-01-29 16:41:25,364 - INFO - Splitting data...
2025-01-29 16:41:25,407 - INFO - Train: 10,639 rows (2014-08-01 00:00:00 to 2017-12-29 00:00:00)
2025-01-29 16:41:25,411 - INFO - Val: 4,142 rows (2018-01-02 00:00:00 to 2018-12-28 00:00:00)
2025-01-29 16:41:25,412 - INFO - Test: 4,803 rows (2019-01-02 00:00:00 to 2019-12-11 00:00:00)
2025-01-29 16:41:25,412 - INFO - Validating features for train dataset...
2025-01-29 16:41:25,412 - INFO - Validating features for val dataset...
2025-01-29 16:41:25,412 - INFO - Validating features for test dataset...
2025-01-29 16:41:25,414 - INFO - 
Saving datasets...
2025-01-29 16:41:27,842 - INFO - Saved train data with shape (10639, 479) to data\processed\train.csv
2025-01-29 16:41:28,804 - INFO - Saved val data with shape (4142, 479) to data\processed\val.csv
2025-01-29 16:41:29,893 - INFO - Saved test data with shape (4803, 479) to data\processed\test.csv
2025-01-29 16:41:29,893 - INFO - 
Running data analysis...
2025-01-29 16:41:29,902 - INFO - Running data quality analysis...
2025-01-29 16:41:29,902 - INFO - Analyzing train split...
2025-01-29 16:41:30,339 - ERROR - Processing failed: 'numpy.int64' object has no attribute 'strftime'
Traceback (most recent call last):
  File "C:\Users\gregb\Downloads\Data\latest\pct_change\src\data_0_pipeline.py", line 110, in process_data
    analysis_pipeline.analyze_data_quality(datasets)
  File "C:\Users\gregb\Downloads\Data\latest\pct_change\src\analysis\_run_analysis.py", line 78, in analyze_data_quality
    stock_coverage = self.data_analyzer.analyze_stock_coverage(df, ticker_col='COMPANYNAME')
                     ^^^^^^^^^^^^^^^^^^^^^^^^^^^^^^^^^^^^^^^^^^^^^^^^^^^^^^^^^^^^^^^^^^^^^^^
  File "C:\Users\gregb\Downloads\Data\latest\pct_change\src\analysis\_data_analysis.py", line 110, in analyze_stock_coverage
    'first_date': df[df[ticker_col] == ticker].index.min().strftime('%Y-%m-%d'),
                  ^^^^^^^^^^^^^^^^^^^^^^^^^^^^^^^^^^^^^^^^^^^^^^^^^
AttributeError: 'numpy.int64' object has no attribute 'strftime'
2025-01-29 16:41:30,347 - ERROR - Pipeline failed
Traceback (most recent call last):
  File "C:\Users\gregb\Downloads\Data\latest\pct_change\src\data_0_pipeline.py", line 121, in <module>
    process_data()
  File "C:\Users\gregb\Downloads\Data\latest\pct_change\src\data_0_pipeline.py", line 110, in process_data
    analysis_pipeline.analyze_data_quality(datasets)
  File "C:\Users\gregb\Downloads\Data\latest\pct_change\src\analysis\_run_analysis.py", line 78, in analyze_data_quality
    stock_coverage = self.data_analyzer.analyze_stock_coverage(df, ticker_col='COMPANYNAME')
                     ^^^^^^^^^^^^^^^^^^^^^^^^^^^^^^^^^^^^^^^^^^^^^^^^^^^^^^^^^^^^^^^^^^^^^^^
  File "C:\Users\gregb\Downloads\Data\latest\pct_change\src\analysis\_data_analysis.py", line 110, in analyze_stock_coverage
    'first_date': df[df[ticker_col] == ticker].index.min().strftime('%Y-%m-%d'),
                  ^^^^^^^^^^^^^^^^^^^^^^^^^^^^^^^^^^^^^^^^^^^^^^^^^
AttributeError: 'numpy.int64' object has no attribute 'strftime'
