2025-01-29 19:37:46,813 - INFO - Processing data with:
2025-01-29 19:37:46,813 - INFO - - Start date: 2014-08-01 00:00:00
2025-01-29 19:37:46,813 - INFO - - Prediction horizon: 10 days
2025-01-29 19:37:46,813 - INFO - - Train end: 2017-12-29 00:00:00
2025-01-29 19:37:46,813 - INFO - - Val end: 2018-12-28 00:00:00
2025-01-29 19:37:46,813 - INFO - - Enabled features: 472
2025-01-29 19:37:46,813 - INFO - 
Loading raw data...
2025-01-29 19:38:04,141 - INFO - 
Cleaning data...
2025-01-29 19:38:04,141 - INFO - Initial data shape: (11512867, 13)
2025-01-29 19:38:04,691 - INFO - Shape after removing missing company names: (11512867, 13)
2025-01-29 19:38:07,530 - INFO - Shape after removing days with < 8 stocks: (11460947, 13)
2025-01-29 19:38:07,530 - INFO - 
Pivoting data...
2025-01-29 19:38:07,531 - INFO - Pivoting data to wide format...
2025-01-29 19:38:18,953 - INFO - Pivoted data shape: (24283, 476)
2025-01-29 19:38:22,919 - INFO - 
Selecting best exchange for each stock...
2025-01-29 19:38:22,919 - INFO - Handling multiple exchange listings...
2025-01-29 19:38:22,919 - INFO - Initial shape: (24283, 476)
2025-01-29 19:38:23,023 - INFO - Shape after selecting best exchange per stock: (19943, 476)
2025-01-29 19:38:23,023 - INFO - Checking for extreme price changes...
2025-01-29 19:38:23,073 - WARNING - Found 7 extreme price changes (>100% up or >50% down in a day)
2025-01-29 19:38:23,073 - WARNING - Example extreme changes:
2025-01-29 19:38:23,083 - WARNING - Network Capital Group Holding A/S: 2015-03-18 - Price change: -58.7% (1.79 -> 0.74)
2025-01-29 19:38:23,086 - WARNING - Network Capital Group Holding A/S: 2017-05-04 - Price change: -53.5% (0.13 -> 0.06)
2025-01-29 19:38:23,089 - WARNING - Nuevolution AB (publ): 2019-05-22 - Price change: 166.1% (12.10 -> 32.20)
2025-01-29 19:38:23,090 - WARNING - Conferize A/S: 2019-06-11 - Price change: -62.7% (4.45 -> 1.66)
2025-01-29 19:38:23,093 - WARNING - Conferize A/S: 2019-06-14 - Price change: 118.3% (1.26 -> 2.75)
2025-01-29 19:38:23,097 - INFO - 
Selecting features...
2025-01-29 19:38:23,097 - INFO - Selecting features...
2025-01-29 19:38:23,099 - INFO - Using 472 out of 472 enabled features
2025-01-29 19:38:23,119 - INFO - 
Calculating target...
2025-01-29 19:38:23,119 - INFO - Calculating 10-day forward returns...
2025-01-29 19:38:23,411 - INFO - Missing target values: 169 (0.8%)
2025-01-29 19:38:26,565 - INFO - 
Splitting data...
2025-01-29 19:38:26,565 - INFO - Splitting data...
2025-01-29 19:38:26,594 - INFO - Train: 10,639 rows (2014-08-01 00:00:00 to 2017-12-29 00:00:00)
2025-01-29 19:38:26,594 - INFO - Val: 4,142 rows (2018-01-02 00:00:00 to 2018-12-28 00:00:00)
2025-01-29 19:38:26,594 - INFO - Test: 4,803 rows (2019-01-02 00:00:00 to 2019-12-11 00:00:00)
2025-01-29 19:38:26,594 - INFO - Validating features for train dataset...
2025-01-29 19:38:26,594 - INFO - Validating features for val dataset...
2025-01-29 19:38:26,594 - INFO - Validating features for test dataset...
2025-01-29 19:38:26,594 - INFO - 
Saving datasets...
2025-01-29 19:38:28,357 - INFO - Saved train data with shape (10639, 479) to data\processed\train.csv
2025-01-29 19:38:29,013 - INFO - Saved val data with shape (4142, 479) to data\processed\val.csv
2025-01-29 19:38:29,781 - INFO - Saved test data with shape (4803, 479) to data\processed\test.csv
2025-01-29 19:38:29,783 - INFO - 
Running data analysis...
2025-01-29 19:38:29,783 - INFO - Created plots directory at results\plots\data
2025-01-29 19:38:29,785 - INFO - Created analysis directory at results\analysis
2025-01-29 19:38:29,787 - INFO - Running data analysis...
2025-01-29 19:38:29,787 - INFO - Plotting stock coverage...
2025-01-29 19:38:30,193 - INFO - Saved plot to results\plots\data\stock_coverage.png
2025-01-29 19:38:30,193 - INFO - Plotting feature coverage...
2025-01-29 19:38:30,491 - INFO - Saved plot to results\plots\data\feature_coverage.png
2025-01-29 19:38:30,491 - INFO - Plotting price trends...
2025-01-29 19:38:30,723 - INFO - Saved plot to results\plots\data\price_trends.png
2025-01-29 19:38:30,723 - INFO - Plotting feature coverage...
2025-01-29 19:38:31,034 - INFO - Saved plot to results\plots\data\feature_coverage.png
2025-01-29 19:38:31,034 - INFO - Plotting split coverage...
2025-01-29 19:38:31,307 - INFO - Saved plot to results\plots\data\split_coverage.png
2025-01-29 19:38:31,307 - ERROR - Error in data analysis: plot_target_distribution() missing 2 required positional arguments: 'test' and 'save_dir'
2025-01-29 19:38:31,307 - ERROR - Processing failed: plot_target_distribution() missing 2 required positional arguments: 'test' and 'save_dir'
Traceback (most recent call last):
  File "C:\Users\gregb\Downloads\Data\latest\pct_change\src\data_0_pipeline.py", line 105, in process_data
    analysis_pipeline.analyze_data({
  File "C:\Users\gregb\Downloads\Data\latest\pct_change\src\_run_analysis.py", line 157, in analyze_data
    target_metrics = plot_target_distribution(data['full'], self.plots_dir)
                     ^^^^^^^^^^^^^^^^^^^^^^^^^^^^^^^^^^^^^^^^^^^^^^^^^^^^^^
TypeError: plot_target_distribution() missing 2 required positional arguments: 'test' and 'save_dir'
2025-01-29 19:38:31,309 - ERROR - Pipeline failed
Traceback (most recent call last):
  File "C:\Users\gregb\Downloads\Data\latest\pct_change\src\data_0_pipeline.py", line 121, in <module>
    process_data()
  File "C:\Users\gregb\Downloads\Data\latest\pct_change\src\data_0_pipeline.py", line 105, in process_data
    analysis_pipeline.analyze_data({
  File "C:\Users\gregb\Downloads\Data\latest\pct_change\src\_run_analysis.py", line 157, in analyze_data
    target_metrics = plot_target_distribution(data['full'], self.plots_dir)
                     ^^^^^^^^^^^^^^^^^^^^^^^^^^^^^^^^^^^^^^^^^^^^^^^^^^^^^^
TypeError: plot_target_distribution() missing 2 required positional arguments: 'test' and 'save_dir'
