2025-01-29 18:52:51,752 - INFO - Processing data with:
2025-01-29 18:52:51,752 - INFO - - Start date: 2014-08-01 00:00:00
2025-01-29 18:52:51,752 - INFO - - Prediction horizon: 10 days
2025-01-29 18:52:51,752 - INFO - - Train end: 2017-12-29 00:00:00
2025-01-29 18:52:51,752 - INFO - - Val end: 2018-12-28 00:00:00
2025-01-29 18:52:51,752 - INFO - - Enabled features: 472
2025-01-29 18:52:51,752 - INFO - 
Loading raw data...
2025-01-29 18:53:10,810 - INFO - 
Cleaning data...
2025-01-29 18:53:10,812 - INFO - Initial data shape: (11512867, 13)
2025-01-29 18:53:11,600 - INFO - Shape after removing missing company names: (11512867, 13)
2025-01-29 18:53:14,920 - INFO - Shape after removing days with < 8 stocks: (11460947, 13)
2025-01-29 18:53:14,922 - INFO - 
Pivoting data...
2025-01-29 18:53:14,922 - INFO - Pivoting data to wide format...
2025-01-29 18:53:27,068 - INFO - Pivoted data shape: (24283, 476)
2025-01-29 18:53:31,073 - INFO - 
Selecting best exchange for each stock...
2025-01-29 18:53:31,073 - INFO - Handling multiple exchange listings...
2025-01-29 18:53:31,073 - INFO - Initial shape: (24283, 476)
2025-01-29 18:53:31,200 - INFO - Shape after selecting best exchange per stock: (19943, 476)
2025-01-29 18:53:31,200 - INFO - Checking for extreme price changes...
2025-01-29 18:53:31,252 - WARNING - Found 7 extreme price changes (>100% up or >50% down in a day)
2025-01-29 18:53:31,253 - WARNING - Example extreme changes:
2025-01-29 18:53:31,295 - WARNING - Network Capital Group Holding A/S: 2015-03-18 - Price change: -58.7% (1.79 -> 0.74)
2025-01-29 18:53:31,298 - WARNING - Network Capital Group Holding A/S: 2017-05-04 - Price change: -53.5% (0.13 -> 0.06)
2025-01-29 18:53:31,301 - WARNING - Nuevolution AB (publ): 2019-05-22 - Price change: 166.1% (12.10 -> 32.20)
2025-01-29 18:53:31,304 - WARNING - Conferize A/S: 2019-06-11 - Price change: -62.7% (4.45 -> 1.66)
2025-01-29 18:53:31,306 - WARNING - Conferize A/S: 2019-06-14 - Price change: 118.3% (1.26 -> 2.75)
2025-01-29 18:53:31,312 - INFO - 
Selecting features...
2025-01-29 18:53:31,313 - INFO - Selecting features...
2025-01-29 18:53:31,313 - INFO - Using 472 out of 472 enabled features
2025-01-29 18:53:31,330 - INFO - 
Calculating target...
2025-01-29 18:53:31,331 - INFO - Calculating 10-day forward returns...
2025-01-29 18:53:31,634 - INFO - Missing target values: 169 (0.8%)
2025-01-29 18:53:34,712 - INFO - 
Splitting data...
2025-01-29 18:53:34,712 - INFO - Splitting data...
2025-01-29 18:53:34,743 - INFO - Train: 10,639 rows (2014-08-01 00:00:00 to 2017-12-29 00:00:00)
2025-01-29 18:53:34,744 - INFO - Val: 4,142 rows (2018-01-02 00:00:00 to 2018-12-28 00:00:00)
2025-01-29 18:53:34,745 - INFO - Test: 4,803 rows (2019-01-02 00:00:00 to 2019-12-11 00:00:00)
2025-01-29 18:53:34,745 - INFO - Validating features for train dataset...
2025-01-29 18:53:34,745 - INFO - Validating features for val dataset...
2025-01-29 18:53:34,745 - INFO - Validating features for test dataset...
2025-01-29 18:53:34,746 - INFO - 
Saving datasets...
2025-01-29 18:53:36,676 - INFO - Saved train data with shape (10639, 479) to data\processed\train.csv
2025-01-29 18:53:37,468 - INFO - Saved val data with shape (4142, 479) to data\processed\val.csv
2025-01-29 18:53:38,280 - INFO - Saved test data with shape (4803, 479) to data\processed\test.csv
2025-01-29 18:53:38,282 - INFO - 
Running data analysis...
2025-01-29 18:53:38,282 - ERROR - Processing failed: 'AnalysisPipeline' object has no attribute 'analyze_data_quality'
Traceback (most recent call last):
  File "C:\Users\gregb\Downloads\Data\latest\pct_change\src\data_0_pipeline.py", line 110, in process_data
    analysis_pipeline.analyze_data_quality(datasets)
    ^^^^^^^^^^^^^^^^^^^^^^^^^^^^^^^^^^^^^^
AttributeError: 'AnalysisPipeline' object has no attribute 'analyze_data_quality'. Did you mean: 'analyze_data_metrics'?
2025-01-29 18:53:38,287 - ERROR - Pipeline failed
Traceback (most recent call last):
  File "C:\Users\gregb\Downloads\Data\latest\pct_change\src\data_0_pipeline.py", line 121, in <module>
    process_data()
  File "C:\Users\gregb\Downloads\Data\latest\pct_change\src\data_0_pipeline.py", line 110, in process_data
    analysis_pipeline.analyze_data_quality(datasets)
    ^^^^^^^^^^^^^^^^^^^^^^^^^^^^^^^^^^^^^^
AttributeError: 'AnalysisPipeline' object has no attribute 'analyze_data_quality'. Did you mean: 'analyze_data_metrics'?
