2025-01-29 16:18:27,242 - INFO - Processing data with:
2025-01-29 16:18:27,243 - INFO - - Start date: 2014-08-01 00:00:00
2025-01-29 16:18:27,243 - INFO - - Prediction horizon: 10 days
2025-01-29 16:18:27,243 - INFO - - Train end: 2017-12-29 00:00:00
2025-01-29 16:18:27,243 - INFO - - Val end: 2018-12-28 00:00:00
2025-01-29 16:18:27,243 - INFO - - Enabled features: 472
2025-01-29 16:18:27,243 - INFO - 
Loading raw data...
2025-01-29 16:19:00,047 - INFO - 
Cleaning data...
2025-01-29 16:19:00,058 - INFO - Initial data shape: (11512867, 13)
2025-01-29 16:19:01,423 - INFO - Shape after removing missing company names: (11512867, 13)
2025-01-29 16:19:13,132 - INFO - Shape after removing days with < 8 stocks: (11460947, 13)
2025-01-29 16:19:13,132 - INFO - 
Pivoting data...
2025-01-29 16:19:13,148 - INFO - Pivoting data to wide format...
2025-01-29 16:19:32,064 - WARNING - Found 3952614 duplicate entries in pivot columns
2025-01-29 16:19:38,468 - WARNING - Sample duplicates:
          GVKEY  IID  COMPANYID          COMPANYNAME  ...  FACTORID                         FACTORNAME  FACTORVALUE   ASOFDATE
1793161  247558  01W    7687618  Bavarian Nordic A/S  ...       918             1 Yr Chg in Admissions          NaN 2014-08-01
4403790  247558  02W    7687618  Bavarian Nordic A/S  ...       918             1 Yr Chg in Admissions          NaN 2014-08-01
1793199  247558  01W    7687618  Bavarian Nordic A/S  ...       880   1 Yr Chg in Number of Properties          NaN 2014-08-01
4403828  247558  02W    7687618  Bavarian Nordic A/S  ...       880   1 Yr Chg in Number of Properties          NaN 2014-08-01
1793205  247558  01W    7687618  Bavarian Nordic A/S  ...       874  1 Yr Chg in Number of Restuarants          NaN 2014-08-01
4403834  247558  02W    7687618  Bavarian Nordic A/S  ...       874  1 Yr Chg in Number of Restuarants          NaN 2014-08-01
1793200  247558  01W    7687618  Bavarian Nordic A/S  ...       879        1 Yr Chg in Number of Rooms          NaN 2014-08-01
4403829  247558  02W    7687618  Bavarian Nordic A/S  ...       879        1 Yr Chg in Number of Rooms          NaN 2014-08-01
1793201  247558  01W    7687618  Bavarian Nordic A/S  ...       878       1 Yr Chg in Revenue per Room          NaN 2014-08-01
4403830  247558  02W    7687618  Bavarian Nordic A/S  ...       878       1 Yr Chg in Revenue per Room          NaN 2014-08-01

[10 rows x 13 columns]
2025-01-29 16:19:39,905 - WARNING - 991 duplicate entries with different FACTORVALUE values found
2025-01-29 16:20:12,250 - INFO - Pivoted data shape: (19943, 477)
2025-01-29 16:20:27,043 - INFO - 
Selecting best exchange for each stock...
2025-01-29 16:20:27,043 - INFO - Handling multiple exchange listings...
2025-01-29 16:20:27,043 - INFO - Initial shape: (19943, 477)
2025-01-29 16:20:27,464 - INFO - Shape after selecting best exchange per stock: (17822, 477)
2025-01-29 16:20:27,464 - INFO - Checking for extreme price changes...
2025-01-29 16:20:27,578 - WARNING - Found 7 extreme price changes (>100% up or >50% down in a day)
2025-01-29 16:20:27,594 - WARNING - Example extreme changes:
2025-01-29 16:20:27,629 - WARNING - Network Capital Group Holding A/S: 2015-03-18 - Price change: -58.7% (1.79 -> 0.74)
2025-01-29 16:20:27,640 - WARNING - Network Capital Group Holding A/S: 2017-05-04 - Price change: -53.5% (0.13 -> 0.06)
2025-01-29 16:20:27,650 - WARNING - Nuevolution AB (publ): 2019-05-22 - Price change: 166.1% (12.10 -> 32.20)
2025-01-29 16:20:27,662 - WARNING - Conferize A/S: 2019-06-11 - Price change: -62.7% (4.45 -> 1.66)
2025-01-29 16:20:27,675 - WARNING - Conferize A/S: 2019-06-14 - Price change: 118.3% (1.26 -> 2.75)
2025-01-29 16:20:27,689 - INFO - 
Selecting features...
2025-01-29 16:20:27,692 - INFO - Selecting features...
2025-01-29 16:20:27,694 - INFO - Using 472 out of 472 enabled features
2025-01-29 16:20:27,746 - INFO - 
Calculating target...
2025-01-29 16:20:27,746 - INFO - Calculating 10-day forward returns...
2025-01-29 16:20:29,068 - INFO - Missing target values: 219 (1.2%)
2025-01-29 16:20:42,349 - INFO - 
Splitting data...
2025-01-29 16:20:42,349 - INFO - Splitting data...
2025-01-29 16:20:42,460 - INFO - Train: 9,743 rows (2014-08-01 00:00:00 to 2017-12-29 00:00:00)
2025-01-29 16:20:42,460 - INFO - Val: 3,909 rows (2018-01-02 00:00:00 to 2018-12-28 00:00:00)
2025-01-29 16:20:42,460 - INFO - Test: 3,805 rows (2019-01-02 00:00:00 to 2019-12-11 00:00:00)
2025-01-29 16:20:42,460 - INFO - Validating features for train dataset...
2025-01-29 16:20:42,469 - INFO - Validating features for val dataset...
2025-01-29 16:20:42,471 - INFO - Validating features for test dataset...
2025-01-29 16:20:42,471 - INFO - 
Saving datasets...
2025-01-29 16:20:48,688 - INFO - Saved train data with shape (9743, 480) to data\processed\train.csv
2025-01-29 16:20:49,675 - INFO - Saved val data with shape (3909, 480) to data\processed\val.csv
2025-01-29 16:20:50,560 - INFO - Saved test data with shape (3805, 480) to data\processed\test.csv
2025-01-29 16:20:50,560 - INFO - 
Running data analysis...
2025-01-29 16:20:50,610 - INFO - Running data quality analysis...
2025-01-29 16:20:50,612 - INFO - Analyzing train split...
2025-01-29 16:20:50,636 - ERROR - Processing failed: 'numpy.int64' object has no attribute 'strftime'
Traceback (most recent call last):
  File "C:\Users\gregb\Downloads\Data\latest\pct_change\src\data_0_pipeline.py", line 110, in process_data
    analysis_pipeline.analyze_data_quality(datasets)
  File "C:\Users\gregb\Downloads\Data\latest\pct_change\src\analysis\_run_analysis.py", line 75, in analyze_data_quality
    coverage = self.data_analyzer.analyze_data_coverage(df)
               ^^^^^^^^^^^^^^^^^^^^^^^^^^^^^^^^^^^^^^^^^^^^
  File "C:\Users\gregb\Downloads\Data\latest\pct_change\src\analysis\_data_analysis.py", line 43, in analyze_data_coverage
    'start': df.index.min().strftime('%Y-%m-%d'),
             ^^^^^^^^^^^^^^^^^^^^^^^
AttributeError: 'numpy.int64' object has no attribute 'strftime'
2025-01-29 16:20:50,645 - ERROR - Pipeline failed
Traceback (most recent call last):
  File "C:\Users\gregb\Downloads\Data\latest\pct_change\src\data_0_pipeline.py", line 121, in <module>
    process_data()
  File "C:\Users\gregb\Downloads\Data\latest\pct_change\src\data_0_pipeline.py", line 110, in process_data
    analysis_pipeline.analyze_data_quality(datasets)
  File "C:\Users\gregb\Downloads\Data\latest\pct_change\src\analysis\_run_analysis.py", line 75, in analyze_data_quality
    coverage = self.data_analyzer.analyze_data_coverage(df)
               ^^^^^^^^^^^^^^^^^^^^^^^^^^^^^^^^^^^^^^^^^^^^
  File "C:\Users\gregb\Downloads\Data\latest\pct_change\src\analysis\_data_analysis.py", line 43, in analyze_data_coverage
    'start': df.index.min().strftime('%Y-%m-%d'),
             ^^^^^^^^^^^^^^^^^^^^^^^
AttributeError: 'numpy.int64' object has no attribute 'strftime'
