2025-01-30 00:13:31,657 - INFO - Processing data with:
2025-01-30 00:13:31,657 - INFO - - Start date: 2014-08-01 00:00:00
2025-01-30 00:13:31,661 - INFO - - Prediction horizon: 10 days
2025-01-30 00:13:31,661 - INFO - - Train end: 2017-12-29 00:00:00
2025-01-30 00:13:31,661 - INFO - - Val end: 2018-12-28 00:00:00
2025-01-30 00:13:31,661 - INFO - - Enabled features: 414
2025-01-30 00:13:31,661 - INFO - 
Loading raw data...
2025-01-30 00:13:48,091 - INFO - 
Cleaning data...
2025-01-30 00:13:48,091 - INFO - Initial data shape: (11512867, 13)
2025-01-30 00:13:48,696 - INFO - Shape after removing missing company names: (11512867, 13)
2025-01-30 00:13:51,631 - INFO - Shape after removing days with < 8 stocks: (11460947, 13)
2025-01-30 00:13:51,631 - INFO - 
Pivoting data...
2025-01-30 00:13:51,631 - INFO - Pivoting data to wide format...
2025-01-30 00:14:03,057 - INFO - Pivoted data shape: (24283, 476)
2025-01-30 00:14:06,827 - INFO - 
Selecting best exchange for each stock...
2025-01-30 00:14:06,827 - INFO - Handling multiple exchange listings...
2025-01-30 00:14:06,827 - INFO - Initial shape: (24283, 476)
2025-01-30 00:14:06,929 - INFO - Shape after selecting best exchange per stock: (19943, 476)
2025-01-30 00:14:06,929 - INFO - Checking for extreme price changes...
2025-01-30 00:14:06,968 - WARNING - Found 7 extreme price changes (>100% up or >50% down in a day)
2025-01-30 00:14:06,968 - WARNING - Example extreme changes:
2025-01-30 00:14:06,968 - WARNING - Network Capital Group Holding A/S: 2015-03-18 - Price change: -58.7% (1.79 -> 0.74)
2025-01-30 00:14:06,978 - WARNING - Network Capital Group Holding A/S: 2017-05-04 - Price change: -53.5% (0.13 -> 0.06)
2025-01-30 00:14:06,981 - WARNING - Nuevolution AB (publ): 2019-05-22 - Price change: 166.1% (12.10 -> 32.20)
2025-01-30 00:14:06,983 - WARNING - Conferize A/S: 2019-06-11 - Price change: -62.7% (4.45 -> 1.66)
2025-01-30 00:14:06,985 - WARNING - Conferize A/S: 2019-06-14 - Price change: 118.3% (1.26 -> 2.75)
2025-01-30 00:14:06,990 - INFO - 
Selecting features...
2025-01-30 00:14:06,991 - INFO - Selecting features...
2025-01-30 00:14:06,992 - INFO - Using 414 out of 414 enabled features
2025-01-30 00:14:07,007 - INFO - 
Calculating target...
2025-01-30 00:14:07,007 - INFO - Calculating 10-day forward returns...
2025-01-30 00:14:07,277 - INFO - Missing target values: 169 (0.8%)
2025-01-30 00:14:09,999 - INFO - 
Splitting data...
2025-01-30 00:14:09,999 - INFO - Splitting data...
2025-01-30 00:14:10,020 - INFO - Train: 10,639 rows (2014-08-01 00:00:00 to 2017-12-29 00:00:00)
2025-01-30 00:14:10,027 - INFO - Val: 4,142 rows (2018-01-02 00:00:00 to 2018-12-28 00:00:00)
2025-01-30 00:14:10,027 - INFO - Test: 4,803 rows (2019-01-02 00:00:00 to 2019-12-11 00:00:00)
2025-01-30 00:14:10,027 - INFO - Validating features for train dataset...
2025-01-30 00:14:10,027 - INFO - Validating features for val dataset...
2025-01-30 00:14:10,028 - INFO - Validating features for test dataset...
2025-01-30 00:14:10,028 - INFO - 
Saving datasets...
2025-01-30 00:14:11,565 - INFO - Saved train data with shape (10639, 421) to data\processed\train.csv
2025-01-30 00:14:12,131 - INFO - Saved val data with shape (4142, 421) to data\processed\val.csv
2025-01-30 00:14:12,796 - INFO - Saved test data with shape (4803, 421) to data\processed\test.csv
2025-01-30 00:14:12,796 - INFO - 
Running data analysis...
2025-01-30 00:14:12,796 - INFO - Running data analysis...
2025-01-30 00:14:12,796 - INFO - Plotting stock coverage...
2025-01-30 00:14:13,187 - INFO - Saved plot to results\plots\data\stock_coverage.png
2025-01-30 00:14:13,192 - INFO - Plotting feature coverage...
2025-01-30 00:14:13,487 - INFO - Saved plot to results\plots\data\feature_coverage.png
2025-01-30 00:14:13,487 - INFO - Plotting price trends...
2025-01-30 00:14:13,727 - INFO - Saved plot to results\plots\data\price_trends.png
2025-01-30 00:14:13,727 - INFO - Plotting feature coverage...
2025-01-30 00:14:14,007 - INFO - Saved plot to results\plots\data\feature_coverage.png
2025-01-30 00:14:14,017 - INFO - Plotting split coverage...
2025-01-30 00:14:14,277 - INFO - Saved plot to results\plots\data\split_coverage.png
2025-01-30 00:14:14,277 - INFO - Plotting target distribution...
2025-01-30 00:14:14,597 - INFO - Saved plot to results\plots\data\target_distribution.png
2025-01-30 00:14:14,597 - INFO - Data analysis complete
2025-01-30 00:14:14,597 - INFO - 
Processing complete!
