2025-01-29 16:27:05,052 - INFO - Processing data with:
2025-01-29 16:27:05,052 - INFO - - Start date: 2014-08-01 00:00:00
2025-01-29 16:27:05,052 - INFO - - Prediction horizon: 10 days
2025-01-29 16:27:05,052 - INFO - - Train end: 2017-12-29 00:00:00
2025-01-29 16:27:05,052 - INFO - - Val end: 2018-12-28 00:00:00
2025-01-29 16:27:05,052 - INFO - - Enabled features: 472
2025-01-29 16:27:05,052 - INFO - 
Loading raw data...
2025-01-29 16:27:30,947 - INFO - 
Cleaning data...
2025-01-29 16:27:30,947 - INFO - Initial data shape: (11512867, 13)
2025-01-29 16:27:31,763 - INFO - Shape after removing missing company names: (11512867, 13)
2025-01-29 16:27:36,058 - INFO - Shape after removing days with < 8 stocks: (11460947, 13)
2025-01-29 16:27:36,058 - INFO - 
Pivoting data...
2025-01-29 16:27:36,058 - INFO - Pivoting data to wide format...
2025-01-29 16:27:53,903 - INFO - Pivoted data shape: (24283, 476)
2025-01-29 16:28:00,261 - INFO - 
Selecting best exchange for each stock...
2025-01-29 16:28:00,261 - INFO - Handling multiple exchange listings...
2025-01-29 16:28:00,261 - INFO - Initial shape: (24283, 476)
2025-01-29 16:28:00,483 - INFO - Shape after selecting best exchange per stock: (19943, 476)
2025-01-29 16:28:00,483 - INFO - Checking for extreme price changes...
2025-01-29 16:28:00,534 - WARNING - Found 7 extreme price changes (>100% up or >50% down in a day)
2025-01-29 16:28:00,534 - WARNING - Example extreme changes:
2025-01-29 16:28:00,549 - WARNING - Network Capital Group Holding A/S: 2015-03-18 - Price change: -58.7% (1.79 -> 0.74)
2025-01-29 16:28:00,552 - WARNING - Network Capital Group Holding A/S: 2017-05-04 - Price change: -53.5% (0.13 -> 0.06)
2025-01-29 16:28:00,552 - WARNING - Nuevolution AB (publ): 2019-05-22 - Price change: 166.1% (12.10 -> 32.20)
2025-01-29 16:28:00,558 - WARNING - Conferize A/S: 2019-06-11 - Price change: -62.7% (4.45 -> 1.66)
2025-01-29 16:28:00,563 - WARNING - Conferize A/S: 2019-06-14 - Price change: 118.3% (1.26 -> 2.75)
2025-01-29 16:28:00,569 - INFO - 
Selecting features...
2025-01-29 16:28:00,569 - INFO - Selecting features...
2025-01-29 16:28:00,569 - INFO - Using 472 out of 472 enabled features
2025-01-29 16:28:00,569 - ERROR - Processing failed: "['SIMPLEINDUSTRYDESCRIPTION'] not in index"
Traceback (most recent call last):
  File "C:\Users\gregb\Downloads\Data\latest\pct_change\src\data_0_pipeline.py", line 77, in process_data
    featured_data = select_features(pivoted_data, enabled_features)
                    ^^^^^^^^^^^^^^^^^^^^^^^^^^^^^^^^^^^^^^^^^^^^^^^
  File "C:\Users\gregb\Downloads\Data\latest\pct_change\src\data_2_feature_engineering.py", line 109, in select_features
    return df[metadata_cols + available_features]
           ~~^^^^^^^^^^^^^^^^^^^^^^^^^^^^^^^^^^^^
  File "C:\Users\gregb\AppData\Local\Programs\Python\Python312\Lib\site-packages\pandas\core\frame.py", line 3899, in __getitem__
    indexer = self.columns._get_indexer_strict(key, "columns")[1]
              ^^^^^^^^^^^^^^^^^^^^^^^^^^^^^^^^^^^^^^^^^^^^^^^^
  File "C:\Users\gregb\AppData\Local\Programs\Python\Python312\Lib\site-packages\pandas\core\indexes\base.py", line 6115, in _get_indexer_strict
    self._raise_if_missing(keyarr, indexer, axis_name)
  File "C:\Users\gregb\AppData\Local\Programs\Python\Python312\Lib\site-packages\pandas\core\indexes\base.py", line 6179, in _raise_if_missing
    raise KeyError(f"{not_found} not in index")
KeyError: "['SIMPLEINDUSTRYDESCRIPTION'] not in index"
2025-01-29 16:28:00,707 - ERROR - Pipeline failed
Traceback (most recent call last):
  File "C:\Users\gregb\Downloads\Data\latest\pct_change\src\data_0_pipeline.py", line 121, in <module>
    process_data()
  File "C:\Users\gregb\Downloads\Data\latest\pct_change\src\data_0_pipeline.py", line 77, in process_data
    featured_data = select_features(pivoted_data, enabled_features)
                    ^^^^^^^^^^^^^^^^^^^^^^^^^^^^^^^^^^^^^^^^^^^^^^^
  File "C:\Users\gregb\Downloads\Data\latest\pct_change\src\data_2_feature_engineering.py", line 109, in select_features
    return df[metadata_cols + available_features]
           ~~^^^^^^^^^^^^^^^^^^^^^^^^^^^^^^^^^^^^
  File "C:\Users\gregb\AppData\Local\Programs\Python\Python312\Lib\site-packages\pandas\core\frame.py", line 3899, in __getitem__
    indexer = self.columns._get_indexer_strict(key, "columns")[1]
              ^^^^^^^^^^^^^^^^^^^^^^^^^^^^^^^^^^^^^^^^^^^^^^^^
  File "C:\Users\gregb\AppData\Local\Programs\Python\Python312\Lib\site-packages\pandas\core\indexes\base.py", line 6115, in _get_indexer_strict
    self._raise_if_missing(keyarr, indexer, axis_name)
  File "C:\Users\gregb\AppData\Local\Programs\Python\Python312\Lib\site-packages\pandas\core\indexes\base.py", line 6179, in _raise_if_missing
    raise KeyError(f"{not_found} not in index")
KeyError: "['SIMPLEINDUSTRYDESCRIPTION'] not in index"
