2025-01-29 02:31:33,948 - INFO - Processing data with:
2025-01-29 02:31:33,948 - INFO - - Start date: 2014-08-01 00:00:00
2025-01-29 02:31:33,948 - INFO - - Prediction horizon: 10 days
2025-01-29 02:31:33,948 - INFO - - Train end: 2017-12-29 00:00:00
2025-01-29 02:31:33,948 - INFO - - Val end: 2018-12-28 00:00:00
2025-01-29 02:31:33,948 - INFO - - Enabled features: 472
2025-01-29 02:31:33,950 - INFO - 
Loading raw data...
2025-01-29 02:31:52,421 - INFO - 
Cleaning data...
2025-01-29 02:31:52,421 - INFO - Initial data shape: (11512867, 13)
2025-01-29 02:31:53,041 - INFO - Shape after removing missing company names: (11512867, 13)
2025-01-29 02:31:56,343 - INFO - Shape after removing days with < 8 stocks: (11460947, 13)
2025-01-29 02:31:56,343 - INFO - \Pivoting data...
2025-01-29 02:31:56,345 - INFO - Pivoting data to wide format...
2025-01-29 02:32:00,900 - WARNING - Found 3952614 duplicate entries in pivot columns
2025-01-29 02:32:02,876 - WARNING - Sample duplicates:
          GVKEY  IID  COMPANYID  ...                         FACTORNAME  FACTORVALUE   ASOFDATE
1793161  247558  01W    7687618  ...             1 Yr Chg in Admissions          NaN 2014-08-01
4403790  247558  02W    7687618  ...             1 Yr Chg in Admissions          NaN 2014-08-01
1793199  247558  01W    7687618  ...   1 Yr Chg in Number of Properties          NaN 2014-08-01
4403828  247558  02W    7687618  ...   1 Yr Chg in Number of Properties          NaN 2014-08-01
1793205  247558  01W    7687618  ...  1 Yr Chg in Number of Restuarants          NaN 2014-08-01
4403834  247558  02W    7687618  ...  1 Yr Chg in Number of Restuarants          NaN 2014-08-01
1793200  247558  01W    7687618  ...        1 Yr Chg in Number of Rooms          NaN 2014-08-01
4403829  247558  02W    7687618  ...        1 Yr Chg in Number of Rooms          NaN 2014-08-01
1793201  247558  01W    7687618  ...       1 Yr Chg in Revenue per Room          NaN 2014-08-01
4403830  247558  02W    7687618  ...       1 Yr Chg in Revenue per Room          NaN 2014-08-01

[10 rows x 13 columns]
2025-01-29 02:32:03,290 - WARNING - 991 duplicate entries with different FACTORVALUE values found
2025-01-29 02:32:12,772 - INFO - Pivoted data shape: (19943, 477)
2025-01-29 02:32:16,491 - INFO - 
Selecting best exchange for each stock...
2025-01-29 02:32:16,491 - INFO - Handling multiple exchange listings...
2025-01-29 02:32:16,491 - INFO - Initial shape: (19943, 477)
2025-01-29 02:32:16,586 - INFO - Shape after selecting best exchange per stock: (17822, 477)
2025-01-29 02:32:16,586 - INFO - Checking for extreme price changes...
2025-01-29 02:32:16,628 - WARNING - Found 7 extreme price changes (>100% up or >50% down in a day)
2025-01-29 02:32:16,629 - WARNING - Example extreme changes:
2025-01-29 02:32:16,632 - WARNING - Network Capital Group Holding A/S: 2015-03-18 - Price change: -58.7% (1.79 -> 0.74)
2025-01-29 02:32:16,636 - WARNING - Network Capital Group Holding A/S: 2017-05-04 - Price change: -53.5% (0.13 -> 0.06)
2025-01-29 02:32:16,638 - WARNING - Nuevolution AB (publ): 2019-05-22 - Price change: 166.1% (12.10 -> 32.20)
2025-01-29 02:32:16,640 - WARNING - Conferize A/S: 2019-06-11 - Price change: -62.7% (4.45 -> 1.66)
2025-01-29 02:32:16,641 - WARNING - Conferize A/S: 2019-06-14 - Price change: 118.3% (1.26 -> 2.75)
2025-01-29 02:32:16,647 - INFO - 
Selecting features...
2025-01-29 02:32:16,648 - INFO - Selecting features...
2025-01-29 02:32:16,648 - INFO - Using 472 out of 472 enabled features
2025-01-29 02:32:16,663 - INFO - 
Calculating target...
2025-01-29 02:32:16,663 - INFO - Calculating 10-day forward returns...
2025-01-29 02:32:16,924 - INFO - Missing target values: 219 (1.2%)
2025-01-29 02:32:19,851 - INFO - 
Splitting data...
2025-01-29 02:32:19,851 - INFO - Splitting data...
2025-01-29 02:32:19,882 - INFO - Train: 9,743 rows (2014-08-01 00:00:00 to 2017-12-29 00:00:00)
2025-01-29 02:32:19,882 - INFO - Val: 3,909 rows (2018-01-02 00:00:00 to 2018-12-28 00:00:00)
2025-01-29 02:32:19,882 - INFO - Test: 3,805 rows (2019-01-02 00:00:00 to 2019-12-11 00:00:00)
2025-01-29 02:32:19,884 - INFO - 
Saving datasets...
2025-01-29 02:32:19,896 - ERROR - Processing failed: [Errno 13] Permission denied: 'data\\processed\\train.csv'
Traceback (most recent call last):
  File "C:\Users\gregb\Downloads\Data\latest\pct_change\src\data_0_pipeline.py", line 94, in process_data
    data.to_csv(path, index=False)
  File "C:\Users\gregb\AppData\Local\Programs\Python\Python312\Lib\site-packages\pandas\core\generic.py", line 3902, in to_csv
    return DataFrameRenderer(formatter).to_csv(
           ^^^^^^^^^^^^^^^^^^^^^^^^^^^^^^^^^^^^
  File "C:\Users\gregb\AppData\Local\Programs\Python\Python312\Lib\site-packages\pandas\io\formats\format.py", line 1152, in to_csv
    csv_formatter.save()
  File "C:\Users\gregb\AppData\Local\Programs\Python\Python312\Lib\site-packages\pandas\io\formats\csvs.py", line 247, in save
    with get_handle(
         ^^^^^^^^^^^
  File "C:\Users\gregb\AppData\Local\Programs\Python\Python312\Lib\site-packages\pandas\io\common.py", line 863, in get_handle
    handle = open(
             ^^^^^
PermissionError: [Errno 13] Permission denied: 'data\\processed\\train.csv'
2025-01-29 02:32:19,901 - ERROR - Pipeline failed
Traceback (most recent call last):
  File "C:\Users\gregb\Downloads\Data\latest\pct_change\src\data_0_pipeline.py", line 110, in <module>
    process_data()
  File "C:\Users\gregb\Downloads\Data\latest\pct_change\src\data_0_pipeline.py", line 94, in process_data
    data.to_csv(path, index=False)
  File "C:\Users\gregb\AppData\Local\Programs\Python\Python312\Lib\site-packages\pandas\core\generic.py", line 3902, in to_csv
    return DataFrameRenderer(formatter).to_csv(
           ^^^^^^^^^^^^^^^^^^^^^^^^^^^^^^^^^^^^
  File "C:\Users\gregb\AppData\Local\Programs\Python\Python312\Lib\site-packages\pandas\io\formats\format.py", line 1152, in to_csv
    csv_formatter.save()
  File "C:\Users\gregb\AppData\Local\Programs\Python\Python312\Lib\site-packages\pandas\io\formats\csvs.py", line 247, in save
    with get_handle(
         ^^^^^^^^^^^
  File "C:\Users\gregb\AppData\Local\Programs\Python\Python312\Lib\site-packages\pandas\io\common.py", line 863, in get_handle
    handle = open(
             ^^^^^
PermissionError: [Errno 13] Permission denied: 'data\\processed\\train.csv'
