2025-01-29 18:48:39,307 - INFO - Processing data with:
2025-01-29 18:48:39,308 - INFO - - Start date: 2014-08-01 00:00:00
2025-01-29 18:48:39,308 - INFO - - Prediction horizon: 10 days
2025-01-29 18:48:39,309 - INFO - - Train end: 2017-12-29 00:00:00
2025-01-29 18:48:39,309 - INFO - - Val end: 2018-12-28 00:00:00
2025-01-29 18:48:39,309 - INFO - - Enabled features: 472
2025-01-29 18:48:39,310 - INFO - 
Loading raw data...
2025-01-29 18:49:01,914 - INFO - 
Cleaning data...
2025-01-29 18:49:01,914 - INFO - Initial data shape: (11512867, 13)
2025-01-29 18:49:02,598 - INFO - Shape after removing missing company names: (11512867, 13)
2025-01-29 18:49:05,976 - INFO - Shape after removing days with < 8 stocks: (11460947, 13)
2025-01-29 18:49:05,976 - INFO - 
Pivoting data...
2025-01-29 18:49:05,978 - INFO - Pivoting data to wide format...
2025-01-29 18:49:19,779 - INFO - Pivoted data shape: (24283, 476)
2025-01-29 18:49:24,452 - INFO - 
Selecting best exchange for each stock...
2025-01-29 18:49:24,452 - INFO - Handling multiple exchange listings...
2025-01-29 18:49:24,452 - INFO - Initial shape: (24283, 476)
2025-01-29 18:49:24,621 - INFO - Shape after selecting best exchange per stock: (19943, 476)
2025-01-29 18:49:24,621 - INFO - Checking for extreme price changes...
2025-01-29 18:49:24,664 - WARNING - Found 7 extreme price changes (>100% up or >50% down in a day)
2025-01-29 18:49:24,664 - WARNING - Example extreme changes:
2025-01-29 18:49:24,676 - WARNING - Network Capital Group Holding A/S: 2015-03-18 - Price change: -58.7% (1.79 -> 0.74)
2025-01-29 18:49:24,680 - WARNING - Network Capital Group Holding A/S: 2017-05-04 - Price change: -53.5% (0.13 -> 0.06)
2025-01-29 18:49:24,683 - WARNING - Nuevolution AB (publ): 2019-05-22 - Price change: 166.1% (12.10 -> 32.20)
2025-01-29 18:49:24,686 - WARNING - Conferize A/S: 2019-06-11 - Price change: -62.7% (4.45 -> 1.66)
2025-01-29 18:49:24,688 - WARNING - Conferize A/S: 2019-06-14 - Price change: 118.3% (1.26 -> 2.75)
2025-01-29 18:49:24,695 - INFO - 
Selecting features...
2025-01-29 18:49:24,695 - INFO - Selecting features...
2025-01-29 18:49:24,696 - INFO - Using 472 out of 472 enabled features
2025-01-29 18:49:24,716 - INFO - 
Calculating target...
2025-01-29 18:49:24,716 - INFO - Calculating 10-day forward returns...
2025-01-29 18:49:25,060 - INFO - Missing target values: 169 (0.8%)
2025-01-29 18:49:28,611 - INFO - 
Splitting data...
2025-01-29 18:49:28,611 - INFO - Splitting data...
2025-01-29 18:49:28,654 - INFO - Train: 10,639 rows (2014-08-01 00:00:00 to 2017-12-29 00:00:00)
2025-01-29 18:49:28,655 - INFO - Val: 4,142 rows (2018-01-02 00:00:00 to 2018-12-28 00:00:00)
2025-01-29 18:49:28,656 - INFO - Test: 4,803 rows (2019-01-02 00:00:00 to 2019-12-11 00:00:00)
2025-01-29 18:49:28,656 - INFO - Validating features for train dataset...
2025-01-29 18:49:28,656 - INFO - Validating features for val dataset...
2025-01-29 18:49:28,657 - INFO - Validating features for test dataset...
2025-01-29 18:49:28,658 - INFO - 
Saving datasets...
2025-01-29 18:49:30,602 - INFO - Saved train data with shape (10639, 479) to data\processed\train.csv
2025-01-29 18:49:31,371 - INFO - Saved val data with shape (4142, 479) to data\processed\val.csv
2025-01-29 18:49:32,242 - INFO - Saved test data with shape (4803, 479) to data\processed\test.csv
2025-01-29 18:49:32,242 - INFO - 
Running data analysis...
2025-01-29 18:49:32,246 - ERROR - Processing failed: string indices must be integers, not 'str'
Traceback (most recent call last):
  File "C:\Users\gregb\Downloads\Data\latest\pct_change\src\data_0_pipeline.py", line 104, in process_data
    analysis_pipeline = AnalysisPipeline()
                        ^^^^^^^^^^^^^^^^^^
  File "C:\Users\gregb\Downloads\Data\latest\pct_change\src\_run_analysis.py", line 46, in __init__
    self.results_analyzer = ResultsAnalyzer()
                            ^^^^^^^^^^^^^^^^^
  File "C:\Users\gregb\Downloads\Data\latest\pct_change\src\_results_analysis.py", line 51, in __init__
    'model': Path(OUTPUT_DIRS['plots']['model']),
                  ~~~~~~~~~~~~~~~~~~~~^^^^^^^^^
TypeError: string indices must be integers, not 'str'
2025-01-29 18:49:32,246 - ERROR - Pipeline failed
Traceback (most recent call last):
  File "C:\Users\gregb\Downloads\Data\latest\pct_change\src\data_0_pipeline.py", line 121, in <module>
    process_data()
  File "C:\Users\gregb\Downloads\Data\latest\pct_change\src\data_0_pipeline.py", line 104, in process_data
    analysis_pipeline = AnalysisPipeline()
                        ^^^^^^^^^^^^^^^^^^
  File "C:\Users\gregb\Downloads\Data\latest\pct_change\src\_run_analysis.py", line 46, in __init__
    self.results_analyzer = ResultsAnalyzer()
                            ^^^^^^^^^^^^^^^^^
  File "C:\Users\gregb\Downloads\Data\latest\pct_change\src\_results_analysis.py", line 51, in __init__
    'model': Path(OUTPUT_DIRS['plots']['model']),
                  ~~~~~~~~~~~~~~~~~~~~^^^^^^^^^
TypeError: string indices must be integers, not 'str'
