2025-01-29 16:48:11,908 - INFO - Processing data with:
2025-01-29 16:48:11,908 - INFO - - Start date: 2014-08-01 00:00:00
2025-01-29 16:48:11,911 - INFO - - Prediction horizon: 10 days
2025-01-29 16:48:11,911 - INFO - - Train end: 2017-12-29 00:00:00
2025-01-29 16:48:11,911 - INFO - - Val end: 2018-12-28 00:00:00
2025-01-29 16:48:11,913 - INFO - - Enabled features: 472
2025-01-29 16:48:11,913 - INFO - 
Loading raw data...
2025-01-29 16:49:00,521 - INFO - 
Cleaning data...
2025-01-29 16:49:00,523 - INFO - Initial data shape: (11512867, 13)
2025-01-29 16:49:02,773 - INFO - Shape after removing missing company names: (11512867, 13)
2025-01-29 16:49:10,169 - INFO - Shape after removing days with < 8 stocks: (11460947, 13)
2025-01-29 16:49:10,169 - INFO - 
Pivoting data...
2025-01-29 16:49:10,169 - INFO - Pivoting data to wide format...
2025-01-29 16:49:28,950 - INFO - Pivoted data shape: (24283, 476)
2025-01-29 16:49:35,490 - INFO - 
Selecting best exchange for each stock...
2025-01-29 16:49:35,506 - INFO - Handling multiple exchange listings...
2025-01-29 16:49:35,506 - INFO - Initial shape: (24283, 476)
2025-01-29 16:49:35,699 - INFO - Shape after selecting best exchange per stock: (19943, 476)
2025-01-29 16:49:35,699 - INFO - Checking for extreme price changes...
2025-01-29 16:49:35,767 - WARNING - Found 7 extreme price changes (>100% up or >50% down in a day)
2025-01-29 16:49:35,767 - WARNING - Example extreme changes:
2025-01-29 16:49:35,780 - WARNING - Network Capital Group Holding A/S: 2015-03-18 - Price change: -58.7% (1.79 -> 0.74)
2025-01-29 16:49:35,790 - WARNING - Network Capital Group Holding A/S: 2017-05-04 - Price change: -53.5% (0.13 -> 0.06)
2025-01-29 16:49:35,797 - WARNING - Nuevolution AB (publ): 2019-05-22 - Price change: 166.1% (12.10 -> 32.20)
2025-01-29 16:49:35,800 - WARNING - Conferize A/S: 2019-06-11 - Price change: -62.7% (4.45 -> 1.66)
2025-01-29 16:49:35,800 - WARNING - Conferize A/S: 2019-06-14 - Price change: 118.3% (1.26 -> 2.75)
2025-01-29 16:49:35,816 - INFO - 
Selecting features...
2025-01-29 16:49:35,816 - INFO - Selecting features...
2025-01-29 16:49:35,817 - INFO - Using 472 out of 472 enabled features
2025-01-29 16:49:35,853 - INFO - 
Calculating target...
2025-01-29 16:49:35,853 - INFO - Calculating 10-day forward returns...
2025-01-29 16:49:36,283 - INFO - Missing target values: 169 (0.8%)
2025-01-29 16:49:40,733 - INFO - 
Splitting data...
2025-01-29 16:49:40,733 - INFO - Splitting data...
2025-01-29 16:49:40,771 - INFO - Train: 10,639 rows (2014-08-01 00:00:00 to 2017-12-29 00:00:00)
2025-01-29 16:49:40,771 - INFO - Val: 4,142 rows (2018-01-02 00:00:00 to 2018-12-28 00:00:00)
2025-01-29 16:49:40,776 - INFO - Test: 4,803 rows (2019-01-02 00:00:00 to 2019-12-11 00:00:00)
2025-01-29 16:49:40,776 - INFO - Validating features for train dataset...
2025-01-29 16:49:40,776 - INFO - Validating features for val dataset...
2025-01-29 16:49:40,776 - INFO - Validating features for test dataset...
2025-01-29 16:49:40,779 - INFO - 
Saving datasets...
2025-01-29 16:49:43,311 - INFO - Saved train data with shape (10639, 479) to data\processed\train.csv
2025-01-29 16:49:44,359 - INFO - Saved val data with shape (4142, 479) to data\processed\val.csv
2025-01-29 16:49:45,374 - INFO - Saved test data with shape (4803, 479) to data\processed\test.csv
2025-01-29 16:49:45,374 - INFO - 
Running data analysis...
2025-01-29 16:49:45,374 - INFO - Running data quality analysis...
2025-01-29 16:49:45,374 - INFO - Analyzing train split...
2025-01-29 16:49:46,853 - INFO - Completed train analysis
2025-01-29 16:49:46,853 - INFO - train metrics:
2025-01-29 16:49:46,853 - INFO - - Total rows: 10,639
2025-01-29 16:49:46,853 - INFO - - Missing data: 34.41%
2025-01-29 16:49:46,853 - INFO - - Unique stocks: 20
2025-01-29 16:49:46,853 - INFO - - Data quality issues: 0 duplicates
2025-01-29 16:49:46,853 - INFO - Analyzing val split...
2025-01-29 16:49:47,834 - INFO - Completed val analysis
2025-01-29 16:49:47,834 - INFO - val metrics:
2025-01-29 16:49:47,834 - INFO - - Total rows: 4,142
2025-01-29 16:49:47,834 - INFO - - Missing data: 36.42%
2025-01-29 16:49:47,834 - INFO - - Unique stocks: 22
2025-01-29 16:49:47,834 - INFO - - Data quality issues: 0 duplicates
2025-01-29 16:49:47,834 - INFO - Analyzing test split...
2025-01-29 16:49:49,006 - INFO - Completed test analysis
2025-01-29 16:49:49,006 - INFO - test metrics:
2025-01-29 16:49:49,006 - INFO - - Total rows: 4,803
2025-01-29 16:49:49,006 - INFO - - Missing data: 40.43%
2025-01-29 16:49:49,016 - INFO - - Unique stocks: 24
2025-01-29 16:49:49,016 - INFO - - Data quality issues: 0 duplicates
2025-01-29 16:49:49,016 - INFO - 
Processing complete!
