2025-01-29 23:48:13,236 - INFO - Processing data with:
2025-01-29 23:48:13,236 - INFO - - Start date: 2014-08-01 00:00:00
2025-01-29 23:48:13,236 - INFO - - Prediction horizon: 10 days
2025-01-29 23:48:13,236 - INFO - - Train end: 2017-12-29 00:00:00
2025-01-29 23:48:13,236 - INFO - - Val end: 2018-12-28 00:00:00
2025-01-29 23:48:13,236 - INFO - - Enabled features: 325
2025-01-29 23:48:13,236 - INFO - 
Loading raw data...
2025-01-29 23:48:29,440 - INFO - 
Cleaning data...
2025-01-29 23:48:29,440 - INFO - Initial data shape: (11512867, 13)
2025-01-29 23:48:30,020 - INFO - Shape after removing missing company names: (11512867, 13)
2025-01-29 23:48:32,891 - INFO - Shape after removing days with < 8 stocks: (11460947, 13)
2025-01-29 23:48:32,891 - INFO - 
Pivoting data...
2025-01-29 23:48:32,891 - INFO - Pivoting data to wide format...
2025-01-29 23:48:43,690 - INFO - Pivoted data shape: (24283, 476)
2025-01-29 23:48:47,400 - INFO - 
Selecting best exchange for each stock...
2025-01-29 23:48:47,400 - INFO - Handling multiple exchange listings...
2025-01-29 23:48:47,400 - INFO - Initial shape: (24283, 476)
2025-01-29 23:48:47,510 - INFO - Shape after selecting best exchange per stock: (19943, 476)
2025-01-29 23:48:47,510 - INFO - Checking for extreme price changes...
2025-01-29 23:48:47,546 - WARNING - Found 7 extreme price changes (>100% up or >50% down in a day)
2025-01-29 23:48:47,546 - WARNING - Example extreme changes:
2025-01-29 23:48:47,554 - WARNING - Network Capital Group Holding A/S: 2015-03-18 - Price change: -58.7% (1.79 -> 0.74)
2025-01-29 23:48:47,556 - WARNING - Network Capital Group Holding A/S: 2017-05-04 - Price change: -53.5% (0.13 -> 0.06)
2025-01-29 23:48:47,559 - WARNING - Nuevolution AB (publ): 2019-05-22 - Price change: 166.1% (12.10 -> 32.20)
2025-01-29 23:48:47,561 - WARNING - Conferize A/S: 2019-06-11 - Price change: -62.7% (4.45 -> 1.66)
2025-01-29 23:48:47,562 - WARNING - Conferize A/S: 2019-06-14 - Price change: 118.3% (1.26 -> 2.75)
2025-01-29 23:48:47,570 - INFO - 
Selecting features...
2025-01-29 23:48:47,570 - INFO - Selecting features...
2025-01-29 23:48:47,570 - INFO - Using 325 out of 325 enabled features
2025-01-29 23:48:47,584 - INFO - 
Calculating target...
2025-01-29 23:48:47,584 - INFO - Calculating 10-day forward returns...
2025-01-29 23:48:47,840 - INFO - Missing target values: 169 (0.8%)
2025-01-29 23:48:50,080 - INFO - 
Splitting data...
2025-01-29 23:48:50,080 - INFO - Splitting data...
2025-01-29 23:48:50,104 - INFO - Train: 10,639 rows (2014-08-01 00:00:00 to 2017-12-29 00:00:00)
2025-01-29 23:48:50,104 - INFO - Val: 4,142 rows (2018-01-02 00:00:00 to 2018-12-28 00:00:00)
2025-01-29 23:48:50,104 - INFO - Test: 4,803 rows (2019-01-02 00:00:00 to 2019-12-11 00:00:00)
2025-01-29 23:48:50,106 - INFO - Validating features for train dataset...
2025-01-29 23:48:50,106 - INFO - Validating features for val dataset...
2025-01-29 23:48:50,106 - INFO - Validating features for test dataset...
2025-01-29 23:48:50,107 - INFO - 
Saving datasets...
2025-01-29 23:48:51,406 - INFO - Saved train data with shape (10639, 332) to data\processed\train.csv
2025-01-29 23:48:51,876 - INFO - Saved val data with shape (4142, 332) to data\processed\val.csv
2025-01-29 23:48:52,410 - INFO - Saved test data with shape (4803, 332) to data\processed\test.csv
2025-01-29 23:48:52,410 - INFO - 
Running data analysis...
2025-01-29 23:48:52,414 - INFO - Running data analysis...
2025-01-29 23:48:52,414 - INFO - Plotting stock coverage...
2025-01-29 23:48:52,790 - INFO - Saved plot to results\plots\data\stock_coverage.png
2025-01-29 23:48:52,790 - INFO - Plotting feature coverage...
2025-01-29 23:48:53,066 - INFO - Saved plot to results\plots\data\feature_coverage.png
2025-01-29 23:48:53,066 - INFO - Plotting price trends...
2025-01-29 23:48:53,300 - INFO - Saved plot to results\plots\data\price_trends.png
2025-01-29 23:48:53,300 - INFO - Plotting feature coverage...
2025-01-29 23:48:53,576 - INFO - Saved plot to results\plots\data\feature_coverage.png
2025-01-29 23:48:53,580 - INFO - Plotting split coverage...
2025-01-29 23:48:53,830 - INFO - Saved plot to results\plots\data\split_coverage.png
2025-01-29 23:48:53,830 - INFO - Plotting target distribution...
2025-01-29 23:48:54,164 - INFO - Saved plot to results\plots\data\target_distribution.png
2025-01-29 23:48:54,165 - INFO - Data analysis complete
2025-01-29 23:48:54,166 - INFO - 
Processing complete!
